
> axliner@0.1.0 dev
> next dev --turbopack --port 3000

▲ Next.js 16.2.4 (Turbopack)
- Local:         http://localhost:3000
- Network:       http://172.20.10.3:3000
- Environments: .env.local
✓ Ready in 746ms
- Experiments (use with caution):
  · staleTimes

 GET / 200 in 849ms (next.js: 120ms, proxy.ts: 240ms, application-code: 489ms)
 GET / 200 in 214ms (next.js: 7ms, proxy.ts: 14ms, application-code: 192ms)
 GET / 200 in 200ms (next.js: 9ms, proxy.ts: 12ms, application-code: 179ms)
 GET / 200 in 187ms (next.js: 4ms, proxy.ts: 6ms, application-code: 177ms)
✓ Compiled in 292ms
 GET / 200 in 337ms (next.js: 111ms, proxy.ts: 163ms, application-code: 62ms)
 GET /cinematic/ink-to-grid-loop.mp4 404 in 970ms (next.js: 703ms, proxy.ts: 157ms, application-code: 111ms)
 GET / 200 in 401ms (next.js: 9ms, proxy.ts: 10ms, application-code: 382ms)
✓ Compiled in 345ms
 GET / 200 in 281ms (next.js: 94ms, proxy.ts: 133ms, application-code: 55ms)
 GET / 200 in 369ms (next.js: 4ms, proxy.ts: 5ms, application-code: 361ms)
 GET / 200 in 176ms (next.js: 5ms, proxy.ts: 9ms, application-code: 162ms)
✓ Compiled in 401ms
 GET / 200 in 315ms (next.js: 121ms, proxy.ts: 142ms, application-code: 52ms)
✓ Compiled in 346ms
 GET / 200 in 340ms (next.js: 134ms, proxy.ts: 145ms, application-code: 60ms)
 GET / 200 in 678ms (next.js: 116ms, proxy.ts: 157ms, application-code: 405ms)
 GET / 200 in 556ms (next.js: 102ms, proxy.ts: 102ms, application-code: 351ms)
✓ Compiled in 208ms
 GET / 200 in 276ms (next.js: 119ms, proxy.ts: 105ms, application-code: 52ms)
 GET / 200 in 377ms (next.js: 4ms, proxy.ts: 5ms, application-code: 368ms)
 GET / 200 in 704ms (next.js: 103ms, proxy.ts: 128ms, application-code: 473ms)
✓ Compiled in 407ms
 GET / 200 in 333ms (next.js: 117ms, proxy.ts: 113ms, application-code: 103ms)
 GET / 200 in 437ms (next.js: 4ms, proxy.ts: 5ms, application-code: 427ms)
 GET / 200 in 170ms (next.js: 3ms, proxy.ts: 7ms, application-code: 160ms)
