⚠ Your project has `@next/font` installed as a dependency, please use the built-in `next/font` instead. The `@next/font` package will be removed in Next.js 14. You can migrate by running `npx --yes @next/codemod@latest built-in-next-font .`. Read more: https://nextjs.org/docs/messages/built-in-next-font
[browser] Image with src "/2.jpeg" has either width or height modified, but not the other. If you use CSS to change the size of your image, also include the styles 'width: "auto"' or 'height: "auto"' to maintain the aspect ratio. (file://C:/Users/Barao/OneDrive/Bureau/olmocr frontend/Frontend/.next/dev/static/chunks/node_modules_next_dist_115brz8._.js:2431:13)
[browser] Image with src "/3.jpeg" has either width or height modified, but not the other. If you use CSS to change the size of your image, also include the styles 'width: "auto"' or 'height: "auto"' to maintain the aspect ratio. (file://C:/Users/Barao/OneDrive/Bureau/olmocr frontend/Frontend/.next/dev/static/chunks/node_modules_next_dist_115brz8._.js:2431:13)
[browser] Image with src "/4.jpeg" has either width or height modified, but not the other. If you use CSS to change the size of your image, also include the styles 'width: "auto"' or 'height: "auto"' to maintain the aspect ratio. (file://C:/Users/Barao/OneDrive/Bureau/olmocr frontend/Frontend/.next/dev/static/chunks/node_modules_next_dist_115brz8._.js:2431:13)
[browser] Image with src "/1.jpeg" has either width or height modified, but not the other. If you use CSS to change the size of your image, also include the styles 'width: "auto"' or 'height: "auto"' to maintain the aspect ratio. (file://C:/Users/Barao/OneDrive/Bureau/olmocr frontend/Frontend/.next/dev/static/chunks/node_modules_next_dist_115brz8._.js:2431:13)
[browser] Image with src "/6.jpeg" has either width or height modified, but not the other. If you use CSS to change the size of your image, also include the styles 'width: "auto"' or 'height: "auto"' to maintain the aspect ratio. (file://C:/Users/Barao/OneDrive/Bureau/olmocr frontend/Frontend/.next/dev/static/chunks/node_modules_next_dist_115brz8._.js:2431:13)
[browser] Image with src "/5.jpeg" has either width or height modified, but not the other. If you use CSS to change the size of your image, also include the styles 'width: "auto"' or 'height: "auto"' to maintain the aspect ratio. (file://C:/Users/Barao/OneDrive/Bureau/olmocr frontend/Frontend/.next/dev/static/chunks/node_modules_next_dist_115brz8._.js:2431:13)
[browser] Image with src "/8.jpeg" has either width or height modified, but not the other. If you use CSS to change the size of your image, also include the styles 'width: "auto"' or 'height: "auto"' to maintain the aspect ratio. (file://C:/Users/Barao/OneDrive/Bureau/olmocr frontend/Frontend/.next/dev/static/chunks/node_modules_next_dist_115brz8._.js:2431:13)
[browser] Image with src "/7.jpeg" has either width or height modified, but not the other. If you use CSS to change the size of your image, also include the styles 'width: "auto"' or 'height: "auto"' to maintain the aspect ratio. (file://C:/Users/Barao/OneDrive/Bureau/olmocr frontend/Frontend/.next/dev/static/chunks/node_modules_next_dist_115brz8._.js:2431:13)
[browser] Image with src "/9.jpeg" has either width or height modified, but not the other. If you use CSS to change the size of your image, also include the styles 'width: "auto"' or 'height: "auto"' to maintain the aspect ratio. (file://C:/Users/Barao/OneDrive/Bureau/olmocr frontend/Frontend/.next/dev/static/chunks/node_modules_next_dist_115brz8._.js:2431:13)
[browser] Image with src "/1.jpeg" has either width or height modified, but not the other. If you use CSS to change the size of your image, also include the styles 'width: "auto"' or 'height: "auto"' to maintain the aspect ratio. (file://C:/Users/Barao/OneDrive/Bureau/olmocr frontend/Frontend/.next/dev/static/chunks/node_modules_next_dist_115brz8._.js:2431:13)
[browser] Image with src "/2.jpeg" has either width or height modified, but not the other. If you use CSS to change the size of your image, also include the styles 'width: "auto"' or 'height: "auto"' to maintain the aspect ratio. (file://C:/Users/Barao/OneDrive/Bureau/olmocr frontend/Frontend/.next/dev/static/chunks/node_modules_next_dist_115brz8._.js:2431:13)
[browser] Image with src "/3.jpeg" has either width or height modified, but not the other. If you use CSS to change the size of your image, also include the styles 'width: "auto"' or 'height: "auto"' to maintain the aspect ratio. (file://C:/Users/Barao/OneDrive/Bureau/olmocr frontend/Frontend/.next/dev/static/chunks/node_modules_next_dist_115brz8._.js:2431:13)
[browser] Image with src "/4.jpeg" has either width or height modified, but not the other. If you use CSS to change the size of your image, also include the styles 'width: "auto"' or 'height: "auto"' to maintain the aspect ratio. (file://C:/Users/Barao/OneDrive/Bureau/olmocr frontend/Frontend/.next/dev/static/chunks/node_modules_next_dist_115brz8._.js:2431:13)
[browser] Image with src "/5.jpeg" has either width or height modified, but not the other. If you use CSS to change the size of your image, also include the styles 'width: "auto"' or 'height: "auto"' to maintain the aspect ratio. (file://C:/Users/Barao/OneDrive/Bureau/olmocr frontend/Frontend/.next/dev/static/chunks/node_modules_next_dist_115brz8._.js:2431:13)
[browser] Image with src "/6.jpeg" has either width or height modified, but not the other. If you use CSS to change the size of your image, also include the styles 'width: "auto"' or 'height: "auto"' to maintain the aspect ratio. (file://C:/Users/Barao/OneDrive/Bureau/olmocr frontend/Frontend/.next/dev/static/chunks/node_modules_next_dist_115brz8._.js:2431:13)
[browser] Image with src "/7.jpeg" has either width or height modified, but not the other. If you use CSS to change the size of your image, also include the styles 'width: "auto"' or 'height: "auto"' to maintain the aspect ratio. (file://C:/Users/Barao/OneDrive/Bureau/olmocr frontend/Frontend/.next/dev/static/chunks/node_modules_next_dist_115brz8._.js:2431:13)
[browser] Image with src "/8.jpeg" has either width or height modified, but not the other. If you use CSS to change the size of your image, also include the styles 'width: "auto"' or 'height: "auto"' to maintain the aspect ratio. (file://C:/Users/Barao/OneDrive/Bureau/olmocr frontend/Frontend/.next/dev/static/chunks/node_modules_next_dist_115brz8._.js:2431:13)
[browser] Image with src "/9.jpeg" has either width or height modified, but not the other. If you use CSS to change the size of your image, also include the styles 'width: "auto"' or 'height: "auto"' to maintain the aspect ratio. (file://C:/Users/Barao/OneDrive/Bureau/olmocr frontend/Frontend/.next/dev/static/chunks/node_modules_next_dist_115brz8._.js:2431:13)
[browser] [GSI_LOGGER]: FedCM get() rejects with NetworkError: Error retrieving a token. 
    at _.H (https://accounts.google.com/gsi/client:86:89)
    at _.Au.la (https://accounts.google.com/gsi/client:346:251)
    at Object.la (https://accounts.google.com/gsi/client:348:497)
    at <unknown> (https://accounts.google.com/gsi/client:306:748) (https://accounts.google.com/gsi/client:86:89)
[browser] Image with src "/1.jpeg" has either width or height modified, but not the other. If you use CSS to change the size of your image, also include the styles 'width: "auto"' or 'height: "auto"' to maintain the aspect ratio. (file://C:/Users/Barao/OneDrive/Bureau/olmocr frontend/Frontend/.next/dev/static/chunks/node_modules_next_dist_115brz8._.js:2431:13)
[browser] Image with src "/2.jpeg" has either width or height modified, but not the other. If you use CSS to change the size of your image, also include the styles 'width: "auto"' or 'height: "auto"' to maintain the aspect ratio. (file://C:/Users/Barao/OneDrive/Bureau/olmocr frontend/Frontend/.next/dev/static/chunks/node_modules_next_dist_115brz8._.js:2431:13)
[browser] Image with src "/3.jpeg" has either width or height modified, but not the other. If you use CSS to change the size of your image, also include the styles 'width: "auto"' or 'height: "auto"' to maintain the aspect ratio. (file://C:/Users/Barao/OneDrive/Bureau/olmocr frontend/Frontend/.next/dev/static/chunks/node_modules_next_dist_115brz8._.js:2431:13)
[browser] Image with src "/4.jpeg" has either width or height modified, but not the other. If you use CSS to change the size of your image, also include the styles 'width: "auto"' or 'height: "auto"' to maintain the aspect ratio. (file://C:/Users/Barao/OneDrive/Bureau/olmocr frontend/Frontend/.next/dev/static/chunks/node_modules_next_dist_115brz8._.js:2431:13)
[browser] Image with src "/5.jpeg" has either width or height modified, but not the other. If you use CSS to change the size of your image, also include the styles 'width: "auto"' or 'height: "auto"' to maintain the aspect ratio. (file://C:/Users/Barao/OneDrive/Bureau/olmocr frontend/Frontend/.next/dev/static/chunks/node_modules_next_dist_115brz8._.js:2431:13)
[browser] Image with src "/6.jpeg" has either width or height modified, but not the other. If you use CSS to change the size of your image, also include the styles 'width: "auto"' or 'height: "auto"' to maintain the aspect ratio. (file://C:/Users/Barao/OneDrive/Bureau/olmocr frontend/Frontend/.next/dev/static/chunks/node_modules_next_dist_115brz8._.js:2431:13)
[browser] Image with src "/7.jpeg" has either width or height modified, but not the other. If you use CSS to change the size of your image, also include the styles 'width: "auto"' or 'height: "auto"' to maintain the aspect ratio. (file://C:/Users/Barao/OneDrive/Bureau/olmocr frontend/Frontend/.next/dev/static/chunks/node_modules_next_dist_115brz8._.js:2431:13)
[browser] Image with src "/8.jpeg" has either width or height modified, but not the other. If you use CSS to change the size of your image, also include the styles 'width: "auto"' or 'height: "auto"' to maintain the aspect ratio. (file://C:/Users/Barao/OneDrive/Bureau/olmocr frontend/Frontend/.next/dev/static/chunks/node_modules_next_dist_115brz8._.js:2431:13)
[browser] Image with src "/9.jpeg" has either width or height modified, but not the other. If you use CSS to change the size of your image, also include the styles 'width: "auto"' or 'height: "auto"' to maintain the aspect ratio. (file://C:/Users/Barao/OneDrive/Bureau/olmocr frontend/Frontend/.next/dev/static/chunks/node_modules_next_dist_115brz8._.js:2431:13)
[browser] [GSI_LOGGER]: FedCM get() rejects with NetworkError: Error retrieving a token. 
    at _.H (https://accounts.google.com/gsi/client:86:89)
    at _.Au.la (https://accounts.google.com/gsi/client:346:251)
    at Object.la (https://accounts.google.com/gsi/client:348:497)
    at <unknown> (https://accounts.google.com/gsi/client:306:748) (https://accounts.google.com/gsi/client:86:89)
[browser] Image with src "/1.jpeg" has either width or height modified, but not the other. If you use CSS to change the size of your image, also include the styles 'width: "auto"' or 'height: "auto"' to maintain the aspect ratio. (file://C:/Users/Barao/OneDrive/Bureau/olmocr frontend/Frontend/.next/dev/static/chunks/node_modules_next_dist_115brz8._.js:2431:13)
[browser] Image with src "/2.jpeg" has either width or height modified, but not the other. If you use CSS to change the size of your image, also include the styles 'width: "auto"' or 'height: "auto"' to maintain the aspect ratio. (file://C:/Users/Barao/OneDrive/Bureau/olmocr frontend/Frontend/.next/dev/static/chunks/node_modules_next_dist_115brz8._.js:2431:13)
[browser] Image with src "/3.jpeg" has either width or height modified, but not the other. If you use CSS to change the size of your image, also include the styles 'width: "auto"' or 'height: "auto"' to maintain the aspect ratio. (file://C:/Users/Barao/OneDrive/Bureau/olmocr frontend/Frontend/.next/dev/static/chunks/node_modules_next_dist_115brz8._.js:2431:13)
[browser] Image with src "/4.jpeg" has either width or height modified, but not the other. If you use CSS to change the size of your image, also include the styles 'width: "auto"' or 'height: "auto"' to maintain the aspect ratio. (file://C:/Users/Barao/OneDrive/Bureau/olmocr frontend/Frontend/.next/dev/static/chunks/node_modules_next_dist_115brz8._.js:2431:13)
[browser] Image with src "/5.jpeg" has either width or height modified, but not the other. If you use CSS to change the size of your image, also include the styles 'width: "auto"' or 'height: "auto"' to maintain the aspect ratio. (file://C:/Users/Barao/OneDrive/Bureau/olmocr frontend/Frontend/.next/dev/static/chunks/node_modules_next_dist_115brz8._.js:2431:13)
[browser] Image with src "/6.jpeg" has either width or height modified, but not the other. If you use CSS to change the size of your image, also include the styles 'width: "auto"' or 'height: "auto"' to maintain the aspect ratio. (file://C:/Users/Barao/OneDrive/Bureau/olmocr frontend/Frontend/.next/dev/static/chunks/node_modules_next_dist_115brz8._.js:2431:13)
[browser] Image with src "/7.jpeg" has either width or height modified, but not the other. If you use CSS to change the size of your image, also include the styles 'width: "auto"' or 'height: "auto"' to maintain the aspect ratio. (file://C:/Users/Barao/OneDrive/Bureau/olmocr frontend/Frontend/.next/dev/static/chunks/node_modules_next_dist_115brz8._.js:2431:13)
[browser] Image with src "/8.jpeg" has either width or height modified, but not the other. If you use CSS to change the size of your image, also include the styles 'width: "auto"' or 'height: "auto"' to maintain the aspect ratio. (file://C:/Users/Barao/OneDrive/Bureau/olmocr frontend/Frontend/.next/dev/static/chunks/node_modules_next_dist_115brz8._.js:2431:13)
[browser] Image with src "/9.jpeg" has either width or height modified, but not the other. If you use CSS to change the size of your image, also include the styles 'width: "auto"' or 'height: "auto"' to maintain the aspect ratio. (file://C:/Users/Barao/OneDrive/Bureau/olmocr frontend/Frontend/.next/dev/static/chunks/node_modules_next_dist_115brz8._.js:2431:13)
[browser] [GSI_LOGGER]: FedCM get() rejects with NetworkError: Error retrieving a token. 
    at _.H (https://accounts.google.com/gsi/client:86:89)
    at _.Au.la (https://accounts.google.com/gsi/client:346:251)
    at Object.la (https://accounts.google.com/gsi/client:348:497)
    at <unknown> (https://accounts.google.com/gsi/client:306:748) (https://accounts.google.com/gsi/client:86:89)
[browser] Image with src "/cinematic/ink-to-grid-poster.webp" was detected as the Largest Contentful Paint (LCP). Please add the `loading="eager"` property if this image is above the fold.
Read more: https://nextjs.org/docs/app/api-reference/components/image#loading (file://C:/Users/Barao/OneDrive/Bureau/olmocr frontend/Frontend/.next/dev/static/chunks/node_modules_next_dist_115brz8._.js:2431:13)
[browser] Image with src "/1.jpeg" has either width or height modified, but not the other. If you use CSS to change the size of your image, also include the styles 'width: "auto"' or 'height: "auto"' to maintain the aspect ratio. (file://C:/Users/Barao/OneDrive/Bureau/olmocr frontend/Frontend/.next/dev/static/chunks/node_modules_next_dist_115brz8._.js:2431:13)
[browser] Image with src "/2.jpeg" has either width or height modified, but not the other. If you use CSS to change the size of your image, also include the styles 'width: "auto"' or 'height: "auto"' to maintain the aspect ratio. (file://C:/Users/Barao/OneDrive/Bureau/olmocr frontend/Frontend/.next/dev/static/chunks/node_modules_next_dist_115brz8._.js:2431:13)
[browser] Image with src "/3.jpeg" has either width or height modified, but not the other. If you use CSS to change the size of your image, also include the styles 'width: "auto"' or 'height: "auto"' to maintain the aspect ratio. (file://C:/Users/Barao/OneDrive/Bureau/olmocr frontend/Frontend/.next/dev/static/chunks/node_modules_next_dist_115brz8._.js:2431:13)
[browser] Image with src "/4.jpeg" has either width or height modified, but not the other. If you use CSS to change the size of your image, also include the styles 'width: "auto"' or 'height: "auto"' to maintain the aspect ratio. (file://C:/Users/Barao/OneDrive/Bureau/olmocr frontend/Frontend/.next/dev/static/chunks/node_modules_next_dist_115brz8._.js:2431:13)
[browser] Image with src "/5.jpeg" has either width or height modified, but not the other. If you use CSS to change the size of your image, also include the styles 'width: "auto"' or 'height: "auto"' to maintain the aspect ratio. (file://C:/Users/Barao/OneDrive/Bureau/olmocr frontend/Frontend/.next/dev/static/chunks/node_modules_next_dist_115brz8._.js:2431:13)
[browser] Image with src "/6.jpeg" has either width or height modified, but not the other. If you use CSS to change the size of your image, also include the styles 'width: "auto"' or 'height: "auto"' to maintain the aspect ratio. (file://C:/Users/Barao/OneDrive/Bureau/olmocr frontend/Frontend/.next/dev/static/chunks/node_modules_next_dist_115brz8._.js:2431:13)
[browser] Image with src "/7.jpeg" has either width or height modified, but not the other. If you use CSS to change the size of your image, also include the styles 'width: "auto"' or 'height: "auto"' to maintain the aspect ratio. (file://C:/Users/Barao/OneDrive/Bureau/olmocr frontend/Frontend/.next/dev/static/chunks/node_modules_next_dist_115brz8._.js:2431:13)
[browser] Image with src "/8.jpeg" has either width or height modified, but not the other. If you use CSS to change the size of your image, also include the styles 'width: "auto"' or 'height: "auto"' to maintain the aspect ratio. (file://C:/Users/Barao/OneDrive/Bureau/olmocr frontend/Frontend/.next/dev/static/chunks/node_modules_next_dist_115brz8._.js:2431:13)
[browser] Image with src "/9.jpeg" has either width or height modified, but not the other. If you use CSS to change the size of your image, also include the styles 'width: "auto"' or 'height: "auto"' to maintain the aspect ratio. (file://C:/Users/Barao/OneDrive/Bureau/olmocr frontend/Frontend/.next/dev/static/chunks/node_modules_next_dist_115brz8._.js:2431:13)
[browser] [GSI_LOGGER]: FedCM get() rejects with NetworkError: Error retrieving a token. 
    at _.H (https://accounts.google.com/gsi/client:86:89)
    at _.Au.la (https://accounts.google.com/gsi/client:346:251)
    at Object.la (https://accounts.google.com/gsi/client:348:497)
    at <unknown> (https://accounts.google.com/gsi/client:306:748) (https://accounts.google.com/gsi/client:86:89)
[browser] Image with src "/cinematic/ink-to-grid-poster.webp" was detected as the Largest Contentful Paint (LCP). Please add the `loading="eager"` property if this image is above the fold.
Read more: https://nextjs.org/docs/app/api-reference/components/image#loading (file://C:/Users/Barao/OneDrive/Bureau/olmocr frontend/Frontend/.next/dev/static/chunks/node_modules_next_dist_115brz8._.js:2431:13)
[browser] Image with src "/1.jpeg" has either width or height modified, but not the other. If you use CSS to change the size of your image, also include the styles 'width: "auto"' or 'height: "auto"' to maintain the aspect ratio. (file://C:/Users/Barao/OneDrive/Bureau/olmocr frontend/Frontend/.next/dev/static/chunks/node_modules_next_dist_115brz8._.js:2431:13)
[browser] Image with src "/2.jpeg" has either width or height modified, but not the other. If you use CSS to change the size of your image, also include the styles 'width: "auto"' or 'height: "auto"' to maintain the aspect ratio. (file://C:/Users/Barao/OneDrive/Bureau/olmocr frontend/Frontend/.next/dev/static/chunks/node_modules_next_dist_115brz8._.js:2431:13)
[browser] Image with src "/3.jpeg" has either width or height modified, but not the other. If you use CSS to change the size of your image, also include the styles 'width: "auto"' or 'height: "auto"' to maintain the aspect ratio. (file://C:/Users/Barao/OneDrive/Bureau/olmocr frontend/Frontend/.next/dev/static/chunks/node_modules_next_dist_115brz8._.js:2431:13)
[browser] Image with src "/4.jpeg" has either width or height modified, but not the other. If you use CSS to change the size of your image, also include the styles 'width: "auto"' or 'height: "auto"' to maintain the aspect ratio. (file://C:/Users/Barao/OneDrive/Bureau/olmocr frontend/Frontend/.next/dev/static/chunks/node_modules_next_dist_115brz8._.js:2431:13)
[browser] Image with src "/5.jpeg" has either width or height modified, but not the other. If you use CSS to change the size of your image, also include the styles 'width: "auto"' or 'height: "auto"' to maintain the aspect ratio. (file://C:/Users/Barao/OneDrive/Bureau/olmocr frontend/Frontend/.next/dev/static/chunks/node_modules_next_dist_115brz8._.js:2431:13)
[browser] Image with src "/6.jpeg" has either width or height modified, but not the other. If you use CSS to change the size of your image, also include the styles 'width: "auto"' or 'height: "auto"' to maintain the aspect ratio. (file://C:/Users/Barao/OneDrive/Bureau/olmocr frontend/Frontend/.next/dev/static/chunks/node_modules_next_dist_115brz8._.js:2431:13)
[browser] Image with src "/7.jpeg" has either width or height modified, but not the other. If you use CSS to change the size of your image, also include the styles 'width: "auto"' or 'height: "auto"' to maintain the aspect ratio. (file://C:/Users/Barao/OneDrive/Bureau/olmocr frontend/Frontend/.next/dev/static/chunks/node_modules_next_dist_115brz8._.js:2431:13)
[browser] Image with src "/8.jpeg" has either width or height modified, but not the other. If you use CSS to change the size of your image, also include the styles 'width: "auto"' or 'height: "auto"' to maintain the aspect ratio. (file://C:/Users/Barao/OneDrive/Bureau/olmocr frontend/Frontend/.next/dev/static/chunks/node_modules_next_dist_115brz8._.js:2431:13)
[browser] Image with src "/9.jpeg" has either width or height modified, but not the other. If you use CSS to change the size of your image, also include the styles 'width: "auto"' or 'height: "auto"' to maintain the aspect ratio. (file://C:/Users/Barao/OneDrive/Bureau/olmocr frontend/Frontend/.next/dev/static/chunks/node_modules_next_dist_115brz8._.js:2431:13)
[browser] [GSI_LOGGER]: FedCM get() rejects with NetworkError: Error retrieving a token. 
    at _.H (https://accounts.google.com/gsi/client:86:89)
    at _.Au.la (https://accounts.google.com/gsi/client:346:251)
    at Object.la (https://accounts.google.com/gsi/client:348:497)
    at <unknown> (https://accounts.google.com/gsi/client:306:748) (https://accounts.google.com/gsi/client:86:89)
[browser] Image with src "/cinematic/ink-to-grid-poster.webp" was detected as the Largest Contentful Paint (LCP). Please add the `loading="eager"` property if this image is above the fold.
Read more: https://nextjs.org/docs/app/api-reference/components/image#loading (file://C:/Users/Barao/OneDrive/Bureau/olmocr frontend/Frontend/.next/dev/static/chunks/node_modules_next_dist_115brz8._.js:2431:13)
[browser] The width(0) and height(0) of chart should be greater than 0,
       please check the style of container, or the props width(100%) and height(100%),
       or add a minWidth(0) or minHeight(undefined) or use aspect(undefined) to control the
       height and width. (file://C:/Users/Barao/OneDrive/Bureau/olmocr frontend/Frontend/.next/dev/static/chunks/node_modules_next_dist_115brz8._.js:2431:13)
[browser] The width(0) and height(0) of chart should be greater than 0,
       please check the style of container, or the props width(100%) and height(100%),
       or add a minWidth(0) or minHeight(undefined) or use aspect(undefined) to control the
       height and width. (file://C:/Users/Barao/OneDrive/Bureau/olmocr frontend/Frontend/.next/dev/static/chunks/node_modules_next_dist_115brz8._.js:2431:13)
[browser] Image with src "/1.jpeg" has either width or height modified, but not the other. If you use CSS to change the size of your image, also include the styles 'width: "auto"' or 'height: "auto"' to maintain the aspect ratio. (file://C:/Users/Barao/OneDrive/Bureau/olmocr frontend/Frontend/.next/dev/static/chunks/node_modules_next_dist_115brz8._.js:2431:13)
[browser] Image with src "/2.jpeg" has either width or height modified, but not the other. If you use CSS to change the size of your image, also include the styles 'width: "auto"' or 'height: "auto"' to maintain the aspect ratio. (file://C:/Users/Barao/OneDrive/Bureau/olmocr frontend/Frontend/.next/dev/static/chunks/node_modules_next_dist_115brz8._.js:2431:13)
[browser] Image with src "/3.jpeg" has either width or height modified, but not the other. If you use CSS to change the size of your image, also include the styles 'width: "auto"' or 'height: "auto"' to maintain the aspect ratio. (file://C:/Users/Barao/OneDrive/Bureau/olmocr frontend/Frontend/.next/dev/static/chunks/node_modules_next_dist_115brz8._.js:2431:13)
[browser] Image with src "/4.jpeg" has either width or height modified, but not the other. If you use CSS to change the size of your image, also include the styles 'width: "auto"' or 'height: "auto"' to maintain the aspect ratio. (file://C:/Users/Barao/OneDrive/Bureau/olmocr frontend/Frontend/.next/dev/static/chunks/node_modules_next_dist_115brz8._.js:2431:13)
[browser] Image with src "/5.jpeg" has either width or height modified, but not the other. If you use CSS to change the size of your image, also include the styles 'width: "auto"' or 'height: "auto"' to maintain the aspect ratio. (file://C:/Users/Barao/OneDrive/Bureau/olmocr frontend/Frontend/.next/dev/static/chunks/node_modules_next_dist_115brz8._.js:2431:13)
[browser] Image with src "/6.jpeg" has either width or height modified, but not the other. If you use CSS to change the size of your image, also include the styles 'width: "auto"' or 'height: "auto"' to maintain the aspect ratio. (file://C:/Users/Barao/OneDrive/Bureau/olmocr frontend/Frontend/.next/dev/static/chunks/node_modules_next_dist_115brz8._.js:2431:13)
[browser] Image with src "/7.jpeg" has either width or height modified, but not the other. If you use CSS to change the size of your image, also include the styles 'width: "auto"' or 'height: "auto"' to maintain the aspect ratio. (file://C:/Users/Barao/OneDrive/Bureau/olmocr frontend/Frontend/.next/dev/static/chunks/node_modules_next_dist_115brz8._.js:2431:13)
[browser] Image with src "/8.jpeg" has either width or height modified, but not the other. If you use CSS to change the size of your image, also include the styles 'width: "auto"' or 'height: "auto"' to maintain the aspect ratio. (file://C:/Users/Barao/OneDrive/Bureau/olmocr frontend/Frontend/.next/dev/static/chunks/node_modules_next_dist_115brz8._.js:2431:13)
[browser] Image with src "/9.jpeg" has either width or height modified, but not the other. If you use CSS to change the size of your image, also include the styles 'width: "auto"' or 'height: "auto"' to maintain the aspect ratio. (file://C:/Users/Barao/OneDrive/Bureau/olmocr frontend/Frontend/.next/dev/static/chunks/node_modules_next_dist_115brz8._.js:2431:13)
[browser] [GSI_LOGGER]: FedCM get() rejects with NetworkError: Error retrieving a token. 
    at _.H (https://accounts.google.com/gsi/client:86:89)
    at _.Au.la (https://accounts.google.com/gsi/client:346:251)
    at Object.la (https://accounts.google.com/gsi/client:348:497)
    at <unknown> (https://accounts.google.com/gsi/client:306:748) (https://accounts.google.com/gsi/client:86:89)
[browser] Image with src "/1.jpeg" has either width or height modified, but not the other. If you use CSS to change the size of your image, also include the styles 'width: "auto"' or 'height: "auto"' to maintain the aspect ratio. (file://C:/Users/Barao/OneDrive/Bureau/olmocr frontend/Frontend/.next/dev/static/chunks/node_modules_next_dist_115brz8._.js:2431:13)
[browser] Image with src "/2.jpeg" has either width or height modified, but not the other. If you use CSS to change the size of your image, also include the styles 'width: "auto"' or 'height: "auto"' to maintain the aspect ratio. (file://C:/Users/Barao/OneDrive/Bureau/olmocr frontend/Frontend/.next/dev/static/chunks/node_modules_next_dist_115brz8._.js:2431:13)
[browser] Image with src "/3.jpeg" has either width or height modified, but not the other. If you use CSS to change the size of your image, also include the styles 'width: "auto"' or 'height: "auto"' to maintain the aspect ratio. (file://C:/Users/Barao/OneDrive/Bureau/olmocr frontend/Frontend/.next/dev/static/chunks/node_modules_next_dist_115brz8._.js:2431:13)
[browser] Image with src "/4.jpeg" has either width or height modified, but not the other. If you use CSS to change the size of your image, also include the styles 'width: "auto"' or 'height: "auto"' to maintain the aspect ratio. (file://C:/Users/Barao/OneDrive/Bureau/olmocr frontend/Frontend/.next/dev/static/chunks/node_modules_next_dist_115brz8._.js:2431:13)
[browser] Image with src "/5.jpeg" has either width or height modified, but not the other. If you use CSS to change the size of your image, also include the styles 'width: "auto"' or 'height: "auto"' to maintain the aspect ratio. (file://C:/Users/Barao/OneDrive/Bureau/olmocr frontend/Frontend/.next/dev/static/chunks/node_modules_next_dist_115brz8._.js:2431:13)
[browser] Image with src "/6.jpeg" has either width or height modified, but not the other. If you use CSS to change the size of your image, also include the styles 'width: "auto"' or 'height: "auto"' to maintain the aspect ratio. (file://C:/Users/Barao/OneDrive/Bureau/olmocr frontend/Frontend/.next/dev/static/chunks/node_modules_next_dist_115brz8._.js:2431:13)
[browser] Image with src "/7.jpeg" has either width or height modified, but not the other. If you use CSS to change the size of your image, also include the styles 'width: "auto"' or 'height: "auto"' to maintain the aspect ratio. (file://C:/Users/Barao/OneDrive/Bureau/olmocr frontend/Frontend/.next/dev/static/chunks/node_modules_next_dist_115brz8._.js:2431:13)
[browser] Image with src "/8.jpeg" has either width or height modified, but not the other. If you use CSS to change the size of your image, also include the styles 'width: "auto"' or 'height: "auto"' to maintain the aspect ratio. (file://C:/Users/Barao/OneDrive/Bureau/olmocr frontend/Frontend/.next/dev/static/chunks/node_modules_next_dist_115brz8._.js:2431:13)
[browser] Image with src "/9.jpeg" has either width or height modified, but not the other. If you use CSS to change the size of your image, also include the styles 'width: "auto"' or 'height: "auto"' to maintain the aspect ratio. (file://C:/Users/Barao/OneDrive/Bureau/olmocr frontend/Frontend/.next/dev/static/chunks/node_modules_next_dist_115brz8._.js:2431:13)
[browser] Image with src "/cinematic/frames-4k/ink-grid-001.webp" was detected as the Largest Contentful Paint (LCP). Please add the `loading="eager"` property if this image is above the fold.
Read more: https://nextjs.org/docs/app/api-reference/components/image#loading (file://C:/Users/Barao/OneDrive/Bureau/olmocr frontend/Frontend/.next/dev/static/chunks/node_modules_next_dist_115brz8._.js:2431:13)
[browser] [GSI_LOGGER]: FedCM get() rejects with NetworkError: Error retrieving a token. 
    at Object.H (https://accounts.google.com/gsi/client:86:89)
    at Ls.la (https://accounts.google.com/gsi/client:346:251)
    at Object.la (https://accounts.google.com/gsi/client:348:497)
    at <unknown> (https://accounts.google.com/gsi/client:306:748) (https://accounts.google.com/gsi/client:86:89)
[browser] The width(0) and height(0) of chart should be greater than 0,
       please check the style of container, or the props width(100%) and height(100%),
       or add a minWidth(0) or minHeight(undefined) or use aspect(undefined) to control the
       height and width. (file://C:/Users/Barao/OneDrive/Bureau/olmocr frontend/Frontend/.next/dev/static/chunks/node_modules_next_dist_115brz8._.js:2431:13)
[browser] The width(0) and height(0) of chart should be greater than 0,
       please check the style of container, or the props width(100%) and height(100%),
       or add a minWidth(0) or minHeight(undefined) or use aspect(undefined) to control the
       height and width. (file://C:/Users/Barao/OneDrive/Bureau/olmocr frontend/Frontend/.next/dev/static/chunks/node_modules_next_dist_115brz8._.js:2431:13)
[browser] Image with src "/1.jpeg" has either width or height modified, but not the other. If you use CSS to change the size of your image, also include the styles 'width: "auto"' or 'height: "auto"' to maintain the aspect ratio. (file://C:/Users/Barao/OneDrive/Bureau/olmocr frontend/Frontend/.next/dev/static/chunks/node_modules_next_dist_115brz8._.js:2431:13)
[browser] Image with src "/2.jpeg" has either width or height modified, but not the other. If you use CSS to change the size of your image, also include the styles 'width: "auto"' or 'height: "auto"' to maintain the aspect ratio. (file://C:/Users/Barao/OneDrive/Bureau/olmocr frontend/Frontend/.next/dev/static/chunks/node_modules_next_dist_115brz8._.js:2431:13)
[browser] Image with src "/3.jpeg" has either width or height modified, but not the other. If you use CSS to change the size of your image, also include the styles 'width: "auto"' or 'height: "auto"' to maintain the aspect ratio. (file://C:/Users/Barao/OneDrive/Bureau/olmocr frontend/Frontend/.next/dev/static/chunks/node_modules_next_dist_115brz8._.js:2431:13)
[browser] Image with src "/4.jpeg" has either width or height modified, but not the other. If you use CSS to change the size of your image, also include the styles 'width: "auto"' or 'height: "auto"' to maintain the aspect ratio. (file://C:/Users/Barao/OneDrive/Bureau/olmocr frontend/Frontend/.next/dev/static/chunks/node_modules_next_dist_115brz8._.js:2431:13)
[browser] Image with src "/5.jpeg" has either width or height modified, but not the other. If you use CSS to change the size of your image, also include the styles 'width: "auto"' or 'height: "auto"' to maintain the aspect ratio. (file://C:/Users/Barao/OneDrive/Bureau/olmocr frontend/Frontend/.next/dev/static/chunks/node_modules_next_dist_115brz8._.js:2431:13)
[browser] Image with src "/6.jpeg" has either width or height modified, but not the other. If you use CSS to change the size of your image, also include the styles 'width: "auto"' or 'height: "auto"' to maintain the aspect ratio. (file://C:/Users/Barao/OneDrive/Bureau/olmocr frontend/Frontend/.next/dev/static/chunks/node_modules_next_dist_115brz8._.js:2431:13)
[browser] Image with src "/7.jpeg" has either width or height modified, but not the other. If you use CSS to change the size of your image, also include the styles 'width: "auto"' or 'height: "auto"' to maintain the aspect ratio. (file://C:/Users/Barao/OneDrive/Bureau/olmocr frontend/Frontend/.next/dev/static/chunks/node_modules_next_dist_115brz8._.js:2431:13)
[browser] Image with src "/8.jpeg" has either width or height modified, but not the other. If you use CSS to change the size of your image, also include the styles 'width: "auto"' or 'height: "auto"' to maintain the aspect ratio. (file://C:/Users/Barao/OneDrive/Bureau/olmocr frontend/Frontend/.next/dev/static/chunks/node_modules_next_dist_115brz8._.js:2431:13)
[browser] Image with src "/9.jpeg" has either width or height modified, but not the other. If you use CSS to change the size of your image, also include the styles 'width: "auto"' or 'height: "auto"' to maintain the aspect ratio. (file://C:/Users/Barao/OneDrive/Bureau/olmocr frontend/Frontend/.next/dev/static/chunks/node_modules_next_dist_115brz8._.js:2431:13)
[browser] [GSI_LOGGER]: FedCM get() rejects with NetworkError: Error retrieving a token. 
    at Object.H (https://accounts.google.com/gsi/client:86:89)
    at Ls.la (https://accounts.google.com/gsi/client:346:251)
    at Object.la (https://accounts.google.com/gsi/client:348:497)
    at <unknown> (https://accounts.google.com/gsi/client:306:748) (https://accounts.google.com/gsi/client:86:89)
[browser] Image with src "/1.jpeg" has either width or height modified, but not the other. If you use CSS to change the size of your image, also include the styles 'width: "auto"' or 'height: "auto"' to maintain the aspect ratio. (file://C:/Users/Barao/OneDrive/Bureau/olmocr frontend/Frontend/.next/dev/static/chunks/node_modules_next_dist_115brz8._.js:2431:13)
[browser] Image with src "/2.jpeg" has either width or height modified, but not the other. If you use CSS to change the size of your image, also include the styles 'width: "auto"' or 'height: "auto"' to maintain the aspect ratio. (file://C:/Users/Barao/OneDrive/Bureau/olmocr frontend/Frontend/.next/dev/static/chunks/node_modules_next_dist_115brz8._.js:2431:13)
[browser] Image with src "/3.jpeg" has either width or height modified, but not the other. If you use CSS to change the size of your image, also include the styles 'width: "auto"' or 'height: "auto"' to maintain the aspect ratio. (file://C:/Users/Barao/OneDrive/Bureau/olmocr frontend/Frontend/.next/dev/static/chunks/node_modules_next_dist_115brz8._.js:2431:13)
[browser] Image with src "/4.jpeg" has either width or height modified, but not the other. If you use CSS to change the size of your image, also include the styles 'width: "auto"' or 'height: "auto"' to maintain the aspect ratio. (file://C:/Users/Barao/OneDrive/Bureau/olmocr frontend/Frontend/.next/dev/static/chunks/node_modules_next_dist_115brz8._.js:2431:13)
[browser] Image with src "/5.jpeg" has either width or height modified, but not the other. If you use CSS to change the size of your image, also include the styles 'width: "auto"' or 'height: "auto"' to maintain the aspect ratio. (file://C:/Users/Barao/OneDrive/Bureau/olmocr frontend/Frontend/.next/dev/static/chunks/node_modules_next_dist_115brz8._.js:2431:13)
[browser] Image with src "/6.jpeg" has either width or height modified, but not the other. If you use CSS to change the size of your image, also include the styles 'width: "auto"' or 'height: "auto"' to maintain the aspect ratio. (file://C:/Users/Barao/OneDrive/Bureau/olmocr frontend/Frontend/.next/dev/static/chunks/node_modules_next_dist_115brz8._.js:2431:13)
[browser] Image with src "/7.jpeg" has either width or height modified, but not the other. If you use CSS to change the size of your image, also include the styles 'width: "auto"' or 'height: "auto"' to maintain the aspect ratio. (file://C:/Users/Barao/OneDrive/Bureau/olmocr frontend/Frontend/.next/dev/static/chunks/node_modules_next_dist_115brz8._.js:2431:13)
[browser] Image with src "/8.jpeg" has either width or height modified, but not the other. If you use CSS to change the size of your image, also include the styles 'width: "auto"' or 'height: "auto"' to maintain the aspect ratio. (file://C:/Users/Barao/OneDrive/Bureau/olmocr frontend/Frontend/.next/dev/static/chunks/node_modules_next_dist_115brz8._.js:2431:13)
[browser] Image with src "/9.jpeg" has either width or height modified, but not the other. If you use CSS to change the size of your image, also include the styles 'width: "auto"' or 'height: "auto"' to maintain the aspect ratio. (file://C:/Users/Barao/OneDrive/Bureau/olmocr frontend/Frontend/.next/dev/static/chunks/node_modules_next_dist_115brz8._.js:2431:13)
[browser] [GSI_LOGGER]: FedCM get() rejects with NetworkError: Error retrieving a token. 
    at Object.H (https://accounts.google.com/gsi/client:86:89)
    at Ls.la (https://accounts.google.com/gsi/client:346:251)
    at Object.la (https://accounts.google.com/gsi/client:348:497)
    at <unknown> (https://accounts.google.com/gsi/client:306:748) (https://accounts.google.com/gsi/client:86:89)
[browser] The width(0) and height(0) of chart should be greater than 0,
       please check the style of container, or the props width(100%) and height(100%),
       or add a minWidth(0) or minHeight(undefined) or use aspect(undefined) to control the
       height and width. (file://C:/Users/Barao/OneDrive/Bureau/olmocr frontend/Frontend/.next/dev/static/chunks/node_modules_next_dist_115brz8._.js:2431:13)
[browser] The width(0) and height(0) of chart should be greater than 0,
       please check the style of container, or the props width(100%) and height(100%),
       or add a minWidth(0) or minHeight(undefined) or use aspect(undefined) to control the
       height and width. (file://C:/Users/Barao/OneDrive/Bureau/olmocr frontend/Frontend/.next/dev/static/chunks/node_modules_next_dist_115brz8._.js:2431:13)
[browser] Image with src "/1.jpeg" has either width or height modified, but not the other. If you use CSS to change the size of your image, also include the styles 'width: "auto"' or 'height: "auto"' to maintain the aspect ratio. (file://C:/Users/Barao/OneDrive/Bureau/olmocr frontend/Frontend/.next/dev/static/chunks/node_modules_next_dist_115brz8._.js:2431:13)
[browser] Image with src "/2.jpeg" has either width or height modified, but not the other. If you use CSS to change the size of your image, also include the styles 'width: "auto"' or 'height: "auto"' to maintain the aspect ratio. (file://C:/Users/Barao/OneDrive/Bureau/olmocr frontend/Frontend/.next/dev/static/chunks/node_modules_next_dist_115brz8._.js:2431:13)
[browser] Image with src "/3.jpeg" has either width or height modified, but not the other. If you use CSS to change the size of your image, also include the styles 'width: "auto"' or 'height: "auto"' to maintain the aspect ratio. (file://C:/Users/Barao/OneDrive/Bureau/olmocr frontend/Frontend/.next/dev/static/chunks/node_modules_next_dist_115brz8._.js:2431:13)
[browser] Image with src "/4.jpeg" has either width or height modified, but not the other. If you use CSS to change the size of your image, also include the styles 'width: "auto"' or 'height: "auto"' to maintain the aspect ratio. (file://C:/Users/Barao/OneDrive/Bureau/olmocr frontend/Frontend/.next/dev/static/chunks/node_modules_next_dist_115brz8._.js:2431:13)
[browser] Image with src "/5.jpeg" has either width or height modified, but not the other. If you use CSS to change the size of your image, also include the styles 'width: "auto"' or 'height: "auto"' to maintain the aspect ratio. (file://C:/Users/Barao/OneDrive/Bureau/olmocr frontend/Frontend/.next/dev/static/chunks/node_modules_next_dist_115brz8._.js:2431:13)
[browser] Image with src "/6.jpeg" has either width or height modified, but not the other. If you use CSS to change the size of your image, also include the styles 'width: "auto"' or 'height: "auto"' to maintain the aspect ratio. (file://C:/Users/Barao/OneDrive/Bureau/olmocr frontend/Frontend/.next/dev/static/chunks/node_modules_next_dist_115brz8._.js:2431:13)
[browser] Image with src "/7.jpeg" has either width or height modified, but not the other. If you use CSS to change the size of your image, also include the styles 'width: "auto"' or 'height: "auto"' to maintain the aspect ratio. (file://C:/Users/Barao/OneDrive/Bureau/olmocr frontend/Frontend/.next/dev/static/chunks/node_modules_next_dist_115brz8._.js:2431:13)
[browser] Image with src "/8.jpeg" has either width or height modified, but not the other. If you use CSS to change the size of your image, also include the styles 'width: "auto"' or 'height: "auto"' to maintain the aspect ratio. (file://C:/Users/Barao/OneDrive/Bureau/olmocr frontend/Frontend/.next/dev/static/chunks/node_modules_next_dist_115brz8._.js:2431:13)
[browser] Image with src "/9.jpeg" has either width or height modified, but not the other. If you use CSS to change the size of your image, also include the styles 'width: "auto"' or 'height: "auto"' to maintain the aspect ratio. (file://C:/Users/Barao/OneDrive/Bureau/olmocr frontend/Frontend/.next/dev/static/chunks/node_modules_next_dist_115brz8._.js:2431:13)
[browser] [GSI_LOGGER]: FedCM get() rejects with NetworkError: Error retrieving a token. 
    at Object.H (https://accounts.google.com/gsi/client:86:89)
    at Ls.la (https://accounts.google.com/gsi/client:346:251)
    at Object.la (https://accounts.google.com/gsi/client:348:497)
    at <unknown> (https://accounts.google.com/gsi/client:306:748) (https://accounts.google.com/gsi/client:86:89)
[browser] Image with src "/cinematic/slow-frames/ink-grid-001.webp" was detected as the Largest Contentful Paint (LCP). Please add the `loading="eager"` property if this image is above the fold.
Read more: https://nextjs.org/docs/app/api-reference/components/image#loading (file://C:/Users/Barao/OneDrive/Bureau/olmocr frontend/Frontend/.next/dev/static/chunks/node_modules_next_dist_115brz8._.js:2431:13)
[browser] Image with src "/1.jpeg" has either width or height modified, but not the other. If you use CSS to change the size of your image, also include the styles 'width: "auto"' or 'height: "auto"' to maintain the aspect ratio. (file://C:/Users/Barao/OneDrive/Bureau/olmocr frontend/Frontend/.next/dev/static/chunks/node_modules_next_dist_115brz8._.js:2431:13)
[browser] Image with src "/2.jpeg" has either width or height modified, but not the other. If you use CSS to change the size of your image, also include the styles 'width: "auto"' or 'height: "auto"' to maintain the aspect ratio. (file://C:/Users/Barao/OneDrive/Bureau/olmocr frontend/Frontend/.next/dev/static/chunks/node_modules_next_dist_115brz8._.js:2431:13)
[browser] Image with src "/3.jpeg" has either width or height modified, but not the other. If you use CSS to change the size of your image, also include the styles 'width: "auto"' or 'height: "auto"' to maintain the aspect ratio. (file://C:/Users/Barao/OneDrive/Bureau/olmocr frontend/Frontend/.next/dev/static/chunks/node_modules_next_dist_115brz8._.js:2431:13)
[browser] Image with src "/4.jpeg" has either width or height modified, but not the other. If you use CSS to change the size of your image, also include the styles 'width: "auto"' or 'height: "auto"' to maintain the aspect ratio. (file://C:/Users/Barao/OneDrive/Bureau/olmocr frontend/Frontend/.next/dev/static/chunks/node_modules_next_dist_115brz8._.js:2431:13)
[browser] Image with src "/5.jpeg" has either width or height modified, but not the other. If you use CSS to change the size of your image, also include the styles 'width: "auto"' or 'height: "auto"' to maintain the aspect ratio. (file://C:/Users/Barao/OneDrive/Bureau/olmocr frontend/Frontend/.next/dev/static/chunks/node_modules_next_dist_115brz8._.js:2431:13)
[browser] Image with src "/6.jpeg" has either width or height modified, but not the other. If you use CSS to change the size of your image, also include the styles 'width: "auto"' or 'height: "auto"' to maintain the aspect ratio. (file://C:/Users/Barao/OneDrive/Bureau/olmocr frontend/Frontend/.next/dev/static/chunks/node_modules_next_dist_115brz8._.js:2431:13)
[browser] Image with src "/7.jpeg" has either width or height modified, but not the other. If you use CSS to change the size of your image, also include the styles 'width: "auto"' or 'height: "auto"' to maintain the aspect ratio. (file://C:/Users/Barao/OneDrive/Bureau/olmocr frontend/Frontend/.next/dev/static/chunks/node_modules_next_dist_115brz8._.js:2431:13)
[browser] Image with src "/8.jpeg" has either width or height modified, but not the other. If you use CSS to change the size of your image, also include the styles 'width: "auto"' or 'height: "auto"' to maintain the aspect ratio. (file://C:/Users/Barao/OneDrive/Bureau/olmocr frontend/Frontend/.next/dev/static/chunks/node_modules_next_dist_115brz8._.js:2431:13)
[browser] Image with src "/9.jpeg" has either width or height modified, but not the other. If you use CSS to change the size of your image, also include the styles 'width: "auto"' or 'height: "auto"' to maintain the aspect ratio. (file://C:/Users/Barao/OneDrive/Bureau/olmocr frontend/Frontend/.next/dev/static/chunks/node_modules_next_dist_115brz8._.js:2431:13)
[browser] [GSI_LOGGER]: FedCM get() rejects with NetworkError: Error retrieving a token. 
    at Object.H (https://accounts.google.com/gsi/client:86:89)
    at Ls.la (https://accounts.google.com/gsi/client:346:251)
    at Object.la (https://accounts.google.com/gsi/client:348:497)
    at <unknown> (https://accounts.google.com/gsi/client:306:748) (https://accounts.google.com/gsi/client:86:89)
