[     135ms] [LOG] [Fast Refresh] rebuilding @ http://localhost:3000/_next/static/chunks/node_modules_next_dist_115brz8._.js:2431
[     166ms] [LOG] [Fast Refresh] done in 144ms @ http://localhost:3000/_next/static/chunks/node_modules_next_dist_115brz8._.js:2431
[     344ms] [INFO] %cDownload the React DevTools for a better development experience: https://react.dev/link/react-devtools font-weight:bold @ http://localhost:3000/_next/static/chunks/node_modules_next_dist_115brz8._.js:2431
[     374ms] [LOG] [HMR] connected @ http://localhost:3000/_next/static/chunks/node_modules_next_dist_115brz8._.js:2431
[     749ms] [WARNING] Image with src "/1.jpeg" has either width or height modified, but not the other. If you use CSS to change the size of your image, also include the styles 'width: "auto"' or 'height: "auto"' to maintain the aspect ratio. @ http://localhost:3000/_next/static/chunks/node_modules_next_dist_115brz8._.js:2431
[     749ms] [WARNING] Image with src "/2.jpeg" has either width or height modified, but not the other. If you use CSS to change the size of your image, also include the styles 'width: "auto"' or 'height: "auto"' to maintain the aspect ratio. @ http://localhost:3000/_next/static/chunks/node_modules_next_dist_115brz8._.js:2431
[     749ms] [WARNING] Image with src "/3.jpeg" has either width or height modified, but not the other. If you use CSS to change the size of your image, also include the styles 'width: "auto"' or 'height: "auto"' to maintain the aspect ratio. @ http://localhost:3000/_next/static/chunks/node_modules_next_dist_115brz8._.js:2431
[     749ms] [WARNING] Image with src "/4.jpeg" has either width or height modified, but not the other. If you use CSS to change the size of your image, also include the styles 'width: "auto"' or 'height: "auto"' to maintain the aspect ratio. @ http://localhost:3000/_next/static/chunks/node_modules_next_dist_115brz8._.js:2431
[     749ms] [WARNING] Image with src "/5.jpeg" has either width or height modified, but not the other. If you use CSS to change the size of your image, also include the styles 'width: "auto"' or 'height: "auto"' to maintain the aspect ratio. @ http://localhost:3000/_next/static/chunks/node_modules_next_dist_115brz8._.js:2431
[     749ms] [WARNING] Image with src "/6.jpeg" has either width or height modified, but not the other. If you use CSS to change the size of your image, also include the styles 'width: "auto"' or 'height: "auto"' to maintain the aspect ratio. @ http://localhost:3000/_next/static/chunks/node_modules_next_dist_115brz8._.js:2431
[     749ms] [WARNING] Image with src "/7.jpeg" has either width or height modified, but not the other. If you use CSS to change the size of your image, also include the styles 'width: "auto"' or 'height: "auto"' to maintain the aspect ratio. @ http://localhost:3000/_next/static/chunks/node_modules_next_dist_115brz8._.js:2431
[     749ms] [WARNING] Image with src "/8.jpeg" has either width or height modified, but not the other. If you use CSS to change the size of your image, also include the styles 'width: "auto"' or 'height: "auto"' to maintain the aspect ratio. @ http://localhost:3000/_next/static/chunks/node_modules_next_dist_115brz8._.js:2431
[     749ms] [WARNING] Image with src "/9.jpeg" has either width or height modified, but not the other. If you use CSS to change the size of your image, also include the styles 'width: "auto"' or 'height: "auto"' to maintain the aspect ratio. @ http://localhost:3000/_next/static/chunks/node_modules_next_dist_115brz8._.js:2431
[    1081ms] [ERROR] Failed to load resource: the server responded with a status of 403 () @ https://accounts.google.com/gsi/status?client_id=473129584699-t3r6astutelfdfacc5at2ahv9kifoj7m.apps.googleusercontent.com&cas=9jGDSTjnBXJiq%2FFufuOhRxeo8PAs7C%2FEZSI04EQlqMg&bs=%2F7r1WKG5L%2B54XTkPZ%2BdtgvWCPcNmq4D2IJw1yPRXQR0:0
[    1082ms] [ERROR] FedCM was disabled either temporarily based on previous user action or permanently via site settings. Try manage third-party sign-in via the icon to the left of the URL bar or via site settings. @ http://localhost:3000/:0
[    1202ms] [LOG] [Fast Refresh] rebuilding @ http://localhost:3000/_next/static/chunks/node_modules_next_dist_115brz8._.js:2431
[    1203ms] [ERROR] Access to fetch at 'https://backend-lively-hill-7043.fly.dev/api/v1/' from origin 'http://localhost:3000' has been blocked by CORS policy: Response to preflight request doesn't pass access control check: No 'Access-Control-Allow-Origin' header is present on the requested resource. @ http://localhost:3000/:0
[    1203ms] [ERROR] Failed to load resource: net::ERR_FAILED @ https://backend-lively-hill-7043.fly.dev/api/v1/:0
[    1207ms] [ERROR] Access to fetch at 'https://backend-lively-hill-7043.fly.dev/api/v1/' from origin 'http://localhost:3000' has been blocked by CORS policy: Response to preflight request doesn't pass access control check: No 'Access-Control-Allow-Origin' header is present on the requested resource. @ http://localhost:3000/:0
[    1207ms] [ERROR] Failed to load resource: net::ERR_FAILED @ https://backend-lively-hill-7043.fly.dev/api/v1/:0
[    1256ms] [ERROR] Access to XMLHttpRequest at 'https://backend-lively-hill-7043.fly.dev/api/v1/config/limits' from origin 'http://localhost:3000' has been blocked by CORS policy: Response to preflight request doesn't pass access control check: No 'Access-Control-Allow-Origin' header is present on the requested resource. @ http://localhost:3000/:0
[    1256ms] [ERROR] Failed to load resource: net::ERR_FAILED @ https://backend-lively-hill-7043.fly.dev/api/v1/config/limits:0
[    1260ms] [ERROR] Access to XMLHttpRequest at 'https://backend-lively-hill-7043.fly.dev/api/v1/jobs/recover/latest' from origin 'http://localhost:3000' has been blocked by CORS policy: Response to preflight request doesn't pass access control check: No 'Access-Control-Allow-Origin' header is present on the requested resource. @ http://localhost:3000/:0
[    1261ms] [ERROR] Failed to load resource: net::ERR_FAILED @ https://backend-lively-hill-7043.fly.dev/api/v1/jobs/recover/latest:0
[    1261ms] [ERROR] Access to XMLHttpRequest at 'https://backend-lively-hill-7043.fly.dev/api/v1/config/limits' from origin 'http://localhost:3000' has been blocked by CORS policy: Response to preflight request doesn't pass access control check: No 'Access-Control-Allow-Origin' header is present on the requested resource. @ http://localhost:3000/:0
[    1261ms] [ERROR] Failed to load resource: net::ERR_FAILED @ https://backend-lively-hill-7043.fly.dev/api/v1/config/limits:0
[    1293ms] [ERROR] Access to XMLHttpRequest at 'https://backend-lively-hill-7043.fly.dev/api/v1/jobs/recover/latest' from origin 'http://localhost:3000' has been blocked by CORS policy: Response to preflight request doesn't pass access control check: No 'Access-Control-Allow-Origin' header is present on the requested resource. @ http://localhost:3000/:0
[    1293ms] [ERROR] Failed to load resource: net::ERR_FAILED @ https://backend-lively-hill-7043.fly.dev/api/v1/jobs/recover/latest:0
[    1442ms] [LOG] [Fast Refresh] done in 341ms @ http://localhost:3000/_next/static/chunks/node_modules_next_dist_115brz8._.js:2431
[   38485ms] [ERROR] [GSI_LOGGER]: FedCM get() rejects with NetworkError: Error retrieving a token. @ http://localhost:3000/_next/static/chunks/node_modules_next_dist_115brz8._.js:3272
