[    1379ms] [INFO] %cDownload the React DevTools for a better development experience: https://react.dev/link/react-devtools font-weight:bold @ http://localhost:3000/_next/static/chunks/node_modules_next_dist_115brz8._.js:2431
[    1515ms] [LOG] [HMR] connected @ http://localhost:3000/_next/static/chunks/node_modules_next_dist_115brz8._.js:2431
[    2029ms] [LOG] [Fast Refresh] rebuilding @ http://localhost:3000/_next/static/chunks/node_modules_next_dist_115brz8._.js:2431
[    2132ms] [ERROR] Access to XMLHttpRequest at 'https://backend-lively-hill-7043.fly.dev/api/v1/billing/plans' from origin 'http://localhost:3000' has been blocked by CORS policy: Response to preflight request doesn't pass access control check: No 'Access-Control-Allow-Origin' header is present on the requested resource. @ http://localhost:3000/pricing:0
[    2133ms] [ERROR] Failed to load resource: net::ERR_FAILED @ https://backend-lively-hill-7043.fly.dev/api/v1/billing/plans:0
[    2211ms] [ERROR] Access to XMLHttpRequest at 'https://backend-lively-hill-7043.fly.dev/api/v1/billing/plans' from origin 'http://localhost:3000' has been blocked by CORS policy: Response to preflight request doesn't pass access control check: No 'Access-Control-Allow-Origin' header is present on the requested resource. @ http://localhost:3000/pricing:0
[    2212ms] [ERROR] Failed to load resource: net::ERR_FAILED @ https://backend-lively-hill-7043.fly.dev/api/v1/billing/plans:0
[    2352ms] [LOG] [Fast Refresh] done in 428ms @ http://localhost:3000/_next/static/chunks/node_modules_next_dist_115brz8._.js:2431
[   69298ms] [LOG] [Fast Refresh] rebuilding @ http://localhost:3000/_next/static/chunks/node_modules_next_dist_115brz8._.js:2431
[   72474ms] [ERROR] Failed to load resource: net::ERR_CONNECTION_REFUSED @ http://localhost:3000/__nextjs_font/geist-latin.woff2:0
[   72552ms] [ERROR] WebSocket connection to 'ws://localhost:3000/_next/webpack-hmr?id=SpftFaMyuSjeeYPwJJUBl' failed: Error in connection establishment: net::ERR_CONNECTION_REFUSED @ http://localhost:3000/_next/static/chunks/node_modules_next_dist_client_0fhqo1d._.js:13299
[   75910ms] [ERROR] WebSocket connection to 'ws://localhost:3000/_next/webpack-hmr?id=SpftFaMyuSjeeYPwJJUBl' failed: Error in connection establishment: net::ERR_CONNECTION_REFUSED @ http://localhost:3000/_next/static/chunks/node_modules_next_dist_client_0fhqo1d._.js:13299
[   79265ms] [ERROR] WebSocket connection to 'ws://localhost:3000/_next/webpack-hmr?id=SpftFaMyuSjeeYPwJJUBl' failed: Error in connection establishment: net::ERR_CONNECTION_REFUSED @ http://localhost:3000/_next/static/chunks/node_modules_next_dist_client_0fhqo1d._.js:13299
[   82622ms] [ERROR] WebSocket connection to 'ws://localhost:3000/_next/webpack-hmr?id=SpftFaMyuSjeeYPwJJUBl' failed: Error in connection establishment: net::ERR_CONNECTION_REFUSED @ http://localhost:3000/_next/static/chunks/node_modules_next_dist_client_0fhqo1d._.js:13299
[   85985ms] [ERROR] WebSocket connection to 'ws://localhost:3000/_next/webpack-hmr?id=SpftFaMyuSjeeYPwJJUBl' failed: Error in connection establishment: net::ERR_CONNECTION_REFUSED @ http://localhost:3000/_next/static/chunks/node_modules_next_dist_client_0fhqo1d._.js:13299
[   93337ms] [ERROR] WebSocket connection to 'ws://localhost:3000/_next/webpack-hmr?id=SpftFaMyuSjeeYPwJJUBl' failed: Error in connection establishment: net::ERR_CONNECTION_REFUSED @ http://localhost:3000/_next/static/chunks/node_modules_next_dist_client_0fhqo1d._.js:13299
[  100707ms] [ERROR] WebSocket connection to 'ws://localhost:3000/_next/webpack-hmr?id=SpftFaMyuSjeeYPwJJUBl' failed: Error in connection establishment: net::ERR_CONNECTION_REFUSED @ http://localhost:3000/_next/static/chunks/node_modules_next_dist_client_0fhqo1d._.js:13299
[  108061ms] [ERROR] WebSocket connection to 'ws://localhost:3000/_next/webpack-hmr?id=SpftFaMyuSjeeYPwJJUBl' failed: Error in connection establishment: net::ERR_CONNECTION_REFUSED @ http://localhost:3000/_next/static/chunks/node_modules_next_dist_client_0fhqo1d._.js:13299
[  115423ms] [ERROR] WebSocket connection to 'ws://localhost:3000/_next/webpack-hmr?id=SpftFaMyuSjeeYPwJJUBl' failed: Error in connection establishment: net::ERR_CONNECTION_REFUSED @ http://localhost:3000/_next/static/chunks/node_modules_next_dist_client_0fhqo1d._.js:13299
[  122791ms] [ERROR] WebSocket connection to 'ws://localhost:3000/_next/webpack-hmr?id=SpftFaMyuSjeeYPwJJUBl' failed: Error in connection establishment: net::ERR_CONNECTION_REFUSED @ http://localhost:3000/_next/static/chunks/node_modules_next_dist_client_0fhqo1d._.js:13299
[  130151ms] [ERROR] WebSocket connection to 'ws://localhost:3000/_next/webpack-hmr?id=SpftFaMyuSjeeYPwJJUBl' failed: Error in connection establishment: net::ERR_CONNECTION_REFUSED @ http://localhost:3000/_next/static/chunks/node_modules_next_dist_client_0fhqo1d._.js:13299
[  137490ms] [ERROR] WebSocket connection to 'ws://localhost:3000/_next/webpack-hmr?id=SpftFaMyuSjeeYPwJJUBl' failed: Error in connection establishment: net::ERR_CONNECTION_REFUSED @ http://localhost:3000/_next/static/chunks/node_modules_next_dist_client_0fhqo1d._.js:13299
