[     138ms] [LOG] [Fast Refresh] rebuilding @ http://localhost:3000/_next/static/chunks/node_modules_next_dist_115brz8._.js:2431
[     484ms] [LOG] [Fast Refresh] done in 453ms @ http://localhost:3000/_next/static/chunks/node_modules_next_dist_115brz8._.js:2431
[     530ms] [ERROR] Error retrieving a token. @ http://localhost:3000/:0
[     669ms] [INFO] %cDownload the React DevTools for a better development experience: https://react.dev/link/react-devtools font-weight:bold @ http://localhost:3000/_next/static/chunks/node_modules_next_dist_115brz8._.js:2431
[     805ms] [LOG] [HMR] connected @ http://localhost:3000/_next/static/chunks/node_modules_next_dist_115brz8._.js:2431
[    1461ms] [WARNING] Image with src "/1.jpeg" has either width or height modified, but not the other. If you use CSS to change the size of your image, also include the styles 'width: "auto"' or 'height: "auto"' to maintain the aspect ratio. @ http://localhost:3000/_next/static/chunks/node_modules_next_dist_115brz8._.js:2431
[    1462ms] [WARNING] Image with src "/2.jpeg" has either width or height modified, but not the other. If you use CSS to change the size of your image, also include the styles 'width: "auto"' or 'height: "auto"' to maintain the aspect ratio. @ http://localhost:3000/_next/static/chunks/node_modules_next_dist_115brz8._.js:2431
[    1462ms] [WARNING] Image with src "/3.jpeg" has either width or height modified, but not the other. If you use CSS to change the size of your image, also include the styles 'width: "auto"' or 'height: "auto"' to maintain the aspect ratio. @ http://localhost:3000/_next/static/chunks/node_modules_next_dist_115brz8._.js:2431
[    1462ms] [WARNING] Image with src "/4.jpeg" has either width or height modified, but not the other. If you use CSS to change the size of your image, also include the styles 'width: "auto"' or 'height: "auto"' to maintain the aspect ratio. @ http://localhost:3000/_next/static/chunks/node_modules_next_dist_115brz8._.js:2431
[    1462ms] [WARNING] Image with src "/5.jpeg" has either width or height modified, but not the other. If you use CSS to change the size of your image, also include the styles 'width: "auto"' or 'height: "auto"' to maintain the aspect ratio. @ http://localhost:3000/_next/static/chunks/node_modules_next_dist_115brz8._.js:2431
[    1462ms] [WARNING] Image with src "/6.jpeg" has either width or height modified, but not the other. If you use CSS to change the size of your image, also include the styles 'width: "auto"' or 'height: "auto"' to maintain the aspect ratio. @ http://localhost:3000/_next/static/chunks/node_modules_next_dist_115brz8._.js:2431
[    1462ms] [WARNING] Image with src "/7.jpeg" has either width or height modified, but not the other. If you use CSS to change the size of your image, also include the styles 'width: "auto"' or 'height: "auto"' to maintain the aspect ratio. @ http://localhost:3000/_next/static/chunks/node_modules_next_dist_115brz8._.js:2431
[    1463ms] [WARNING] Image with src "/8.jpeg" has either width or height modified, but not the other. If you use CSS to change the size of your image, also include the styles 'width: "auto"' or 'height: "auto"' to maintain the aspect ratio. @ http://localhost:3000/_next/static/chunks/node_modules_next_dist_115brz8._.js:2431
[    1469ms] [WARNING] Image with src "/9.jpeg" has either width or height modified, but not the other. If you use CSS to change the size of your image, also include the styles 'width: "auto"' or 'height: "auto"' to maintain the aspect ratio. @ http://localhost:3000/_next/static/chunks/node_modules_next_dist_115brz8._.js:2431
[    2026ms] [ERROR] Failed to load resource: the server responded with a status of 403 () @ https://accounts.google.com/gsi/status?client_id=473129584699-t3r6astutelfdfacc5at2ahv9kifoj7m.apps.googleusercontent.com&cas=7JKIaUyLhIqwYO6%2FiiZDLDpywbGGk2a0Tn44ZHMj%2FTM&bs=caEIU28W60qVa0v%2BN4cVSeUNdwoOukMM6BscTqWZK7U:0
[    2151ms] [ERROR] Access to fetch at 'https://backend-lively-hill-7043.fly.dev/api/v1/' from origin 'http://localhost:3000' has been blocked by CORS policy: Response to preflight request doesn't pass access control check: No 'Access-Control-Allow-Origin' header is present on the requested resource. @ http://localhost:3000/:0
[    2151ms] [ERROR] Failed to load resource: net::ERR_FAILED @ https://backend-lively-hill-7043.fly.dev/api/v1/:0
[    2164ms] [ERROR] Access to fetch at 'https://backend-lively-hill-7043.fly.dev/api/v1/' from origin 'http://localhost:3000' has been blocked by CORS policy: Response to preflight request doesn't pass access control check: No 'Access-Control-Allow-Origin' header is present on the requested resource. @ http://localhost:3000/:0
[    2164ms] [ERROR] Failed to load resource: net::ERR_FAILED @ https://backend-lively-hill-7043.fly.dev/api/v1/:0
[    2177ms] [ERROR] Access to XMLHttpRequest at 'https://backend-lively-hill-7043.fly.dev/api/v1/jobs/recover/latest' from origin 'http://localhost:3000' has been blocked by CORS policy: Response to preflight request doesn't pass access control check: No 'Access-Control-Allow-Origin' header is present on the requested resource. @ http://localhost:3000/:0
[    2179ms] [ERROR] Failed to load resource: net::ERR_FAILED @ https://backend-lively-hill-7043.fly.dev/api/v1/jobs/recover/latest:0
[    2179ms] [ERROR] Access to XMLHttpRequest at 'https://backend-lively-hill-7043.fly.dev/api/v1/config/limits' from origin 'http://localhost:3000' has been blocked by CORS policy: Response to preflight request doesn't pass access control check: No 'Access-Control-Allow-Origin' header is present on the requested resource. @ http://localhost:3000/:0
[    2179ms] [ERROR] Failed to load resource: net::ERR_FAILED @ https://backend-lively-hill-7043.fly.dev/api/v1/config/limits:0
[    2185ms] [ERROR] Access to XMLHttpRequest at 'https://backend-lively-hill-7043.fly.dev/api/v1/jobs/recover/latest' from origin 'http://localhost:3000' has been blocked by CORS policy: Response to preflight request doesn't pass access control check: No 'Access-Control-Allow-Origin' header is present on the requested resource. @ http://localhost:3000/:0
[    2185ms] [ERROR] Failed to load resource: net::ERR_FAILED @ https://backend-lively-hill-7043.fly.dev/api/v1/jobs/recover/latest:0
[    2185ms] [ERROR] Access to XMLHttpRequest at 'https://backend-lively-hill-7043.fly.dev/api/v1/config/limits' from origin 'http://localhost:3000' has been blocked by CORS policy: Response to preflight request doesn't pass access control check: No 'Access-Control-Allow-Origin' header is present on the requested resource. @ http://localhost:3000/:0
[    2185ms] [ERROR] Failed to load resource: net::ERR_FAILED @ https://backend-lively-hill-7043.fly.dev/api/v1/config/limits:0
[    2190ms] [LOG] [Fast Refresh] rebuilding @ http://localhost:3000/_next/static/chunks/node_modules_next_dist_115brz8._.js:2431
[    2494ms] [LOG] [Fast Refresh] done in 414ms @ http://localhost:3000/_next/static/chunks/node_modules_next_dist_115brz8._.js:2431
[   94703ms] [LOG] [Fast Refresh] rebuilding @ http://localhost:3000/_next/static/chunks/node_modules_next_dist_115brz8._.js:2431
[   95267ms] [WARNING] The width(0) and height(0) of chart should be greater than 0,
       please check the style of container, or the props width(100%) and height(100%),
       or add a minWidth(0) or minHeight(undefined) or use aspect(undefined) to control the
       height and width. @ http://localhost:3000/_next/static/chunks/node_modules_next_dist_115brz8._.js:2431
[   95268ms] [WARNING] The width(0) and height(0) of chart should be greater than 0,
       please check the style of container, or the props width(100%) and height(100%),
       or add a minWidth(0) or minHeight(undefined) or use aspect(undefined) to control the
       height and width. @ http://localhost:3000/_next/static/chunks/node_modules_next_dist_115brz8._.js:2431
[   95275ms] [LOG] [Fast Refresh] done in 437ms @ http://localhost:3000/_next/static/chunks/node_modules_next_dist_115brz8._.js:2431
[   95387ms] [LOG] [Fast Refresh] rebuilding @ http://localhost:3000/_next/static/chunks/node_modules_next_dist_115brz8._.js:2431
[   95404ms] [LOG] [Fast Refresh] done in 129ms @ http://localhost:3000/_next/static/chunks/node_modules_next_dist_115brz8._.js:2431
[   95727ms] [ERROR] Access to fetch at 'https://backend-lively-hill-7043.fly.dev/api/v1/' from origin 'http://localhost:3000' has been blocked by CORS policy: Response to preflight request doesn't pass access control check: No 'Access-Control-Allow-Origin' header is present on the requested resource. @ http://localhost:3000/:0
[   95727ms] [ERROR] Failed to load resource: net::ERR_FAILED @ https://backend-lively-hill-7043.fly.dev/api/v1/:0
[   95753ms] [ERROR] Access to XMLHttpRequest at 'https://backend-lively-hill-7043.fly.dev/api/v1/config/limits' from origin 'http://localhost:3000' has been blocked by CORS policy: Response to preflight request doesn't pass access control check: No 'Access-Control-Allow-Origin' header is present on the requested resource. @ http://localhost:3000/:0
[   95754ms] [ERROR] Failed to load resource: net::ERR_FAILED @ https://backend-lively-hill-7043.fly.dev/api/v1/config/limits:0
[   95754ms] [ERROR] Access to XMLHttpRequest at 'https://backend-lively-hill-7043.fly.dev/api/v1/jobs/recover/latest' from origin 'http://localhost:3000' has been blocked by CORS policy: Response to preflight request doesn't pass access control check: No 'Access-Control-Allow-Origin' header is present on the requested resource. @ http://localhost:3000/:0
[   95754ms] [ERROR] Failed to load resource: net::ERR_FAILED @ https://backend-lively-hill-7043.fly.dev/api/v1/jobs/recover/latest:0
