[     121ms] [LOG] [Fast Refresh] rebuilding @ http://localhost:3000/_next/static/chunks/node_modules_next_dist_115brz8._.js:2431
[     372ms] [LOG] [Fast Refresh] done in 352ms @ http://localhost:3000/_next/static/chunks/node_modules_next_dist_115brz8._.js:2431
[     583ms] [INFO] %cDownload the React DevTools for a better development experience: https://react.dev/link/react-devtools font-weight:bold @ http://localhost:3000/_next/static/chunks/node_modules_next_dist_115brz8._.js:2431
[     624ms] [LOG] [HMR] connected @ http://localhost:3000/_next/static/chunks/node_modules_next_dist_115brz8._.js:2431
[    1137ms] [WARNING] Image with src "/1.jpeg" has either width or height modified, but not the other. If you use CSS to change the size of your image, also include the styles 'width: "auto"' or 'height: "auto"' to maintain the aspect ratio. @ http://localhost:3000/_next/static/chunks/node_modules_next_dist_115brz8._.js:2431
[    1137ms] [WARNING] Image with src "/2.jpeg" has either width or height modified, but not the other. If you use CSS to change the size of your image, also include the styles 'width: "auto"' or 'height: "auto"' to maintain the aspect ratio. @ http://localhost:3000/_next/static/chunks/node_modules_next_dist_115brz8._.js:2431
[    1137ms] [WARNING] Image with src "/3.jpeg" has either width or height modified, but not the other. If you use CSS to change the size of your image, also include the styles 'width: "auto"' or 'height: "auto"' to maintain the aspect ratio. @ http://localhost:3000/_next/static/chunks/node_modules_next_dist_115brz8._.js:2431
[    1137ms] [WARNING] Image with src "/4.jpeg" has either width or height modified, but not the other. If you use CSS to change the size of your image, also include the styles 'width: "auto"' or 'height: "auto"' to maintain the aspect ratio. @ http://localhost:3000/_next/static/chunks/node_modules_next_dist_115brz8._.js:2431
[    1137ms] [WARNING] Image with src "/5.jpeg" has either width or height modified, but not the other. If you use CSS to change the size of your image, also include the styles 'width: "auto"' or 'height: "auto"' to maintain the aspect ratio. @ http://localhost:3000/_next/static/chunks/node_modules_next_dist_115brz8._.js:2431
[    1137ms] [WARNING] Image with src "/6.jpeg" has either width or height modified, but not the other. If you use CSS to change the size of your image, also include the styles 'width: "auto"' or 'height: "auto"' to maintain the aspect ratio. @ http://localhost:3000/_next/static/chunks/node_modules_next_dist_115brz8._.js:2431
[    1137ms] [WARNING] Image with src "/7.jpeg" has either width or height modified, but not the other. If you use CSS to change the size of your image, also include the styles 'width: "auto"' or 'height: "auto"' to maintain the aspect ratio. @ http://localhost:3000/_next/static/chunks/node_modules_next_dist_115brz8._.js:2431
[    1138ms] [WARNING] Image with src "/8.jpeg" has either width or height modified, but not the other. If you use CSS to change the size of your image, also include the styles 'width: "auto"' or 'height: "auto"' to maintain the aspect ratio. @ http://localhost:3000/_next/static/chunks/node_modules_next_dist_115brz8._.js:2431
[    1138ms] [WARNING] Image with src "/9.jpeg" has either width or height modified, but not the other. If you use CSS to change the size of your image, also include the styles 'width: "auto"' or 'height: "auto"' to maintain the aspect ratio. @ http://localhost:3000/_next/static/chunks/node_modules_next_dist_115brz8._.js:2431
[    1570ms] [ERROR] Failed to load resource: the server responded with a status of 403 () @ https://accounts.google.com/gsi/status?client_id=473129584699-t3r6astutelfdfacc5at2ahv9kifoj7m.apps.googleusercontent.com&cas=WBUBf9Iel1aqjBSIc3OTATWMd3isu7vCLzxTPJ15lMI&bs=%2F7r1WKG5L%2B54XTkPZ%2BdtgvWCPcNmq4D2IJw1yPRXQR0:0
[    1575ms] [ERROR] FedCM was disabled either temporarily based on previous user action or permanently via site settings. Try manage third-party sign-in via the icon to the left of the URL bar or via site settings. @ http://localhost:3000/:0
[    1598ms] [ERROR] Access to fetch at 'https://backend-lively-hill-7043.fly.dev/api/v1/' from origin 'http://localhost:3000' has been blocked by CORS policy: Response to preflight request doesn't pass access control check: No 'Access-Control-Allow-Origin' header is present on the requested resource. @ http://localhost:3000/:0
[    1598ms] [ERROR] Failed to load resource: net::ERR_FAILED @ https://backend-lively-hill-7043.fly.dev/api/v1/:0
[    1604ms] [ERROR] Access to fetch at 'https://backend-lively-hill-7043.fly.dev/api/v1/' from origin 'http://localhost:3000' has been blocked by CORS policy: Response to preflight request doesn't pass access control check: No 'Access-Control-Allow-Origin' header is present on the requested resource. @ http://localhost:3000/:0
[    1604ms] [ERROR] Failed to load resource: net::ERR_FAILED @ https://backend-lively-hill-7043.fly.dev/api/v1/:0
[    1656ms] [ERROR] Access to XMLHttpRequest at 'https://backend-lively-hill-7043.fly.dev/api/v1/jobs/recover/latest' from origin 'http://localhost:3000' has been blocked by CORS policy: Response to preflight request doesn't pass access control check: No 'Access-Control-Allow-Origin' header is present on the requested resource. @ http://localhost:3000/:0
[    1656ms] [ERROR] Failed to load resource: net::ERR_FAILED @ https://backend-lively-hill-7043.fly.dev/api/v1/jobs/recover/latest:0
[    1656ms] [ERROR] Access to XMLHttpRequest at 'https://backend-lively-hill-7043.fly.dev/api/v1/config/limits' from origin 'http://localhost:3000' has been blocked by CORS policy: Response to preflight request doesn't pass access control check: No 'Access-Control-Allow-Origin' header is present on the requested resource. @ http://localhost:3000/:0
[    1656ms] [ERROR] Failed to load resource: net::ERR_FAILED @ https://backend-lively-hill-7043.fly.dev/api/v1/config/limits:0
[    1662ms] [ERROR] Access to XMLHttpRequest at 'https://backend-lively-hill-7043.fly.dev/api/v1/config/limits' from origin 'http://localhost:3000' has been blocked by CORS policy: Response to preflight request doesn't pass access control check: No 'Access-Control-Allow-Origin' header is present on the requested resource. @ http://localhost:3000/:0
[    1663ms] [ERROR] Failed to load resource: net::ERR_FAILED @ https://backend-lively-hill-7043.fly.dev/api/v1/config/limits:0
[    1663ms] [ERROR] Access to XMLHttpRequest at 'https://backend-lively-hill-7043.fly.dev/api/v1/jobs/recover/latest' from origin 'http://localhost:3000' has been blocked by CORS policy: Response to preflight request doesn't pass access control check: No 'Access-Control-Allow-Origin' header is present on the requested resource. @ http://localhost:3000/:0
[    1663ms] [ERROR] Failed to load resource: net::ERR_FAILED @ https://backend-lively-hill-7043.fly.dev/api/v1/jobs/recover/latest:0
[    2236ms] [ERROR] [GSI_LOGGER]: FedCM get() rejects with NetworkError: Error retrieving a token. @ http://localhost:3000/_next/static/chunks/node_modules_next_dist_115brz8._.js:3272
[   12067ms] [LOG] [Fast Refresh] rebuilding @ http://localhost:3000/_next/static/chunks/node_modules_next_dist_115brz8._.js:2431
[   12185ms] [LOG] [Fast Refresh] done in 232ms @ http://localhost:3000/_next/static/chunks/node_modules_next_dist_115brz8._.js:2431
[  361551ms] [ERROR] Failed to load resource: the server responded with a status of 403 () @ https://accounts.google.com/gsi/status?client_id=473129584699-t3r6astutelfdfacc5at2ahv9kifoj7m.apps.googleusercontent.com&cas=0w5mx4ojAEjaYFNhPG%2BOn3q3%2F7a%2B6JpUkoCzWl0EYns&bs=KVQMQ6b38eUMk2MGj%2FA5FZxfYPFZW453hMOcTbne21A:0
[  361553ms] [ERROR] FedCM was disabled either temporarily based on previous user action or permanently via site settings. Try manage third-party sign-in via the icon to the left of the URL bar or via site settings. @ https://www.axliner.com/:0
[  363167ms] [ERROR] Failed to load resource: the server responded with a status of 404 () @ https://backend-lively-hill-7043.fly.dev/api/v1/:0
