[     806ms] [INFO] %cDownload the React DevTools for a better development experience: https://react.dev/link/react-devtools font-weight:bold @ http://localhost:3000/_next/static/chunks/node_modules_next_dist_115brz8._.js:2431
[     917ms] [LOG] [HMR] connected @ http://localhost:3000/_next/static/chunks/node_modules_next_dist_115brz8._.js:2431
[    1326ms] [WARNING] Image with src "/1.jpeg" has either width or height modified, but not the other. If you use CSS to change the size of your image, also include the styles 'width: "auto"' or 'height: "auto"' to maintain the aspect ratio. @ http://localhost:3000/_next/static/chunks/node_modules_next_dist_115brz8._.js:2431
[    1326ms] [WARNING] Image with src "/2.jpeg" has either width or height modified, but not the other. If you use CSS to change the size of your image, also include the styles 'width: "auto"' or 'height: "auto"' to maintain the aspect ratio. @ http://localhost:3000/_next/static/chunks/node_modules_next_dist_115brz8._.js:2431
[    1326ms] [WARNING] Image with src "/3.jpeg" has either width or height modified, but not the other. If you use CSS to change the size of your image, also include the styles 'width: "auto"' or 'height: "auto"' to maintain the aspect ratio. @ http://localhost:3000/_next/static/chunks/node_modules_next_dist_115brz8._.js:2431
[    1326ms] [WARNING] Image with src "/4.jpeg" has either width or height modified, but not the other. If you use CSS to change the size of your image, also include the styles 'width: "auto"' or 'height: "auto"' to maintain the aspect ratio. @ http://localhost:3000/_next/static/chunks/node_modules_next_dist_115brz8._.js:2431
[    1326ms] [WARNING] Image with src "/5.jpeg" has either width or height modified, but not the other. If you use CSS to change the size of your image, also include the styles 'width: "auto"' or 'height: "auto"' to maintain the aspect ratio. @ http://localhost:3000/_next/static/chunks/node_modules_next_dist_115brz8._.js:2431
[    1326ms] [WARNING] Image with src "/6.jpeg" has either width or height modified, but not the other. If you use CSS to change the size of your image, also include the styles 'width: "auto"' or 'height: "auto"' to maintain the aspect ratio. @ http://localhost:3000/_next/static/chunks/node_modules_next_dist_115brz8._.js:2431
[    1326ms] [WARNING] Image with src "/7.jpeg" has either width or height modified, but not the other. If you use CSS to change the size of your image, also include the styles 'width: "auto"' or 'height: "auto"' to maintain the aspect ratio. @ http://localhost:3000/_next/static/chunks/node_modules_next_dist_115brz8._.js:2431
[    1326ms] [WARNING] Image with src "/8.jpeg" has either width or height modified, but not the other. If you use CSS to change the size of your image, also include the styles 'width: "auto"' or 'height: "auto"' to maintain the aspect ratio. @ http://localhost:3000/_next/static/chunks/node_modules_next_dist_115brz8._.js:2431
[    1326ms] [WARNING] Image with src "/9.jpeg" has either width or height modified, but not the other. If you use CSS to change the size of your image, also include the styles 'width: "auto"' or 'height: "auto"' to maintain the aspect ratio. @ http://localhost:3000/_next/static/chunks/node_modules_next_dist_115brz8._.js:2431
[    2271ms] [ERROR] Failed to load resource: the server responded with a status of 403 () @ https://accounts.google.com/gsi/status?client_id=473129584699-t3r6astutelfdfacc5at2ahv9kifoj7m.apps.googleusercontent.com&cas=fqY5FF3Fq8x74UbJlEYZdK0DyVXOBvAxbpUuSNp03GY&bs=%2F7r1WKG5L%2B54XTkPZ%2BdtgvWCPcNmq4D2IJw1yPRXQR0:0
[    2272ms] [ERROR] FedCM was disabled either temporarily based on previous user action or permanently via site settings. Try manage third-party sign-in via the icon to the left of the URL bar or via site settings. @ http://localhost:3000/:0
[    2287ms] [ERROR] Access to fetch at 'https://backend-lively-hill-7043.fly.dev/api/v1/' from origin 'http://localhost:3000' has been blocked by CORS policy: Response to preflight request doesn't pass access control check: No 'Access-Control-Allow-Origin' header is present on the requested resource. @ http://localhost:3000/:0
[    2288ms] [ERROR] Failed to load resource: net::ERR_FAILED @ https://backend-lively-hill-7043.fly.dev/api/v1/:0
[    2288ms] [ERROR] Access to fetch at 'https://backend-lively-hill-7043.fly.dev/api/v1/' from origin 'http://localhost:3000' has been blocked by CORS policy: Response to preflight request doesn't pass access control check: No 'Access-Control-Allow-Origin' header is present on the requested resource. @ http://localhost:3000/:0
[    2288ms] [ERROR] Failed to load resource: net::ERR_FAILED @ https://backend-lively-hill-7043.fly.dev/api/v1/:0
[    2288ms] [ERROR] Access to XMLHttpRequest at 'https://backend-lively-hill-7043.fly.dev/api/v1/jobs/recover/latest' from origin 'http://localhost:3000' has been blocked by CORS policy: Response to preflight request doesn't pass access control check: No 'Access-Control-Allow-Origin' header is present on the requested resource. @ http://localhost:3000/:0
[    2289ms] [ERROR] Failed to load resource: net::ERR_FAILED @ https://backend-lively-hill-7043.fly.dev/api/v1/jobs/recover/latest:0
[    2289ms] [ERROR] Access to XMLHttpRequest at 'https://backend-lively-hill-7043.fly.dev/api/v1/jobs/recover/latest' from origin 'http://localhost:3000' has been blocked by CORS policy: Response to preflight request doesn't pass access control check: No 'Access-Control-Allow-Origin' header is present on the requested resource. @ http://localhost:3000/:0
[    2289ms] [ERROR] Failed to load resource: net::ERR_FAILED @ https://backend-lively-hill-7043.fly.dev/api/v1/jobs/recover/latest:0
[    2289ms] [ERROR] Access to XMLHttpRequest at 'https://backend-lively-hill-7043.fly.dev/api/v1/config/limits' from origin 'http://localhost:3000' has been blocked by CORS policy: Response to preflight request doesn't pass access control check: No 'Access-Control-Allow-Origin' header is present on the requested resource. @ http://localhost:3000/:0
[    2289ms] [ERROR] Failed to load resource: net::ERR_FAILED @ https://backend-lively-hill-7043.fly.dev/api/v1/config/limits:0
[    2292ms] [ERROR] Access to XMLHttpRequest at 'https://backend-lively-hill-7043.fly.dev/api/v1/config/limits' from origin 'http://localhost:3000' has been blocked by CORS policy: Response to preflight request doesn't pass access control check: No 'Access-Control-Allow-Origin' header is present on the requested resource. @ http://localhost:3000/:0
[    2293ms] [ERROR] Failed to load resource: net::ERR_FAILED @ https://backend-lively-hill-7043.fly.dev/api/v1/config/limits:0
[    2296ms] [LOG] [Fast Refresh] rebuilding @ http://localhost:3000/_next/static/chunks/node_modules_next_dist_115brz8._.js:2431
[    2452ms] [LOG] [Fast Refresh] done in 257ms @ http://localhost:3000/_next/static/chunks/node_modules_next_dist_115brz8._.js:2431
[   16937ms] [LOG] [Fast Refresh] rebuilding @ http://localhost:3000/_next/static/chunks/node_modules_next_dist_115brz8._.js:2431
[   17068ms] [LOG] [Fast Refresh] done in 232ms @ http://localhost:3000/_next/static/chunks/node_modules_next_dist_115brz8._.js:2431
[   30433ms] [WARNING] Image with src "/cinematic/frames-4k/ink-grid-001.webp" was detected as the Largest Contentful Paint (LCP). Please add the `loading="eager"` property if this image is above the fold.
Read more: https://nextjs.org/docs/app/api-reference/components/image#loading @ http://localhost:3000/_next/static/chunks/node_modules_next_dist_115brz8._.js:2431
[   37422ms] [LOG] [Fast Refresh] rebuilding @ http://localhost:3000/_next/static/chunks/node_modules_next_dist_115brz8._.js:2431
[   37565ms] [LOG] [Fast Refresh] done in 243ms @ http://localhost:3000/_next/static/chunks/node_modules_next_dist_115brz8._.js:2431
[   39802ms] [ERROR] [GSI_LOGGER]: FedCM get() rejects with NetworkError: Error retrieving a token. @ http://localhost:3000/_next/static/chunks/node_modules_next_dist_115brz8._.js:3272
[   43210ms] [WARNING] Canvas2D: Multiple readback operations using getImageData are faster with the willReadFrequently attribute set to true. See: https://html.spec.whatwg.org/multipage/canvas.html#concept-canvas-will-read-frequently @ :0
[   63865ms] [LOG] [Fast Refresh] rebuilding @ http://localhost:3000/_next/static/chunks/node_modules_next_dist_115brz8._.js:2431
[   64128ms] [LOG] [Fast Refresh] done in 239ms @ http://localhost:3000/_next/static/chunks/node_modules_next_dist_115brz8._.js:2431
[   64132ms] [WARNING] The width(0) and height(0) of chart should be greater than 0,
       please check the style of container, or the props width(100%) and height(100%),
       or add a minWidth(0) or minHeight(undefined) or use aspect(undefined) to control the
       height and width. @ http://localhost:3000/_next/static/chunks/node_modules_next_dist_115brz8._.js:2431
[   64132ms] [WARNING] The width(0) and height(0) of chart should be greater than 0,
       please check the style of container, or the props width(100%) and height(100%),
       or add a minWidth(0) or minHeight(undefined) or use aspect(undefined) to control the
       height and width. @ http://localhost:3000/_next/static/chunks/node_modules_next_dist_115brz8._.js:2431
[   64657ms] [LOG] [Fast Refresh] rebuilding @ http://localhost:3000/_next/static/chunks/node_modules_next_dist_115brz8._.js:2431
[   64914ms] [LOG] [Fast Refresh] done in 770ms @ http://localhost:3000/_next/static/chunks/node_modules_next_dist_115brz8._.js:2431
[   65554ms] [ERROR] Access to fetch at 'https://backend-lively-hill-7043.fly.dev/api/v1/' from origin 'http://localhost:3000' has been blocked by CORS policy: Response to preflight request doesn't pass access control check: No 'Access-Control-Allow-Origin' header is present on the requested resource. @ http://localhost:3000/:0
[   65554ms] [ERROR] Failed to load resource: net::ERR_FAILED @ https://backend-lively-hill-7043.fly.dev/api/v1/:0
[   65885ms] [ERROR] Access to XMLHttpRequest at 'https://backend-lively-hill-7043.fly.dev/api/v1/jobs/recover/latest' from origin 'http://localhost:3000' has been blocked by CORS policy: Response to preflight request doesn't pass access control check: No 'Access-Control-Allow-Origin' header is present on the requested resource. @ http://localhost:3000/:0
[   65886ms] [ERROR] Failed to load resource: net::ERR_FAILED @ https://backend-lively-hill-7043.fly.dev/api/v1/jobs/recover/latest:0
[   65886ms] [ERROR] Access to XMLHttpRequest at 'https://backend-lively-hill-7043.fly.dev/api/v1/config/limits' from origin 'http://localhost:3000' has been blocked by CORS policy: Response to preflight request doesn't pass access control check: No 'Access-Control-Allow-Origin' header is present on the requested resource. @ http://localhost:3000/:0
[   65886ms] [ERROR] Failed to load resource: net::ERR_FAILED @ https://backend-lively-hill-7043.fly.dev/api/v1/config/limits:0
