[    1581ms] [WARNING] Builder custom code error: inputs is not defined in var _virtual_index=inputs.Cards;return _virtual_index ReferenceError: inputs is not defined
    at eval (eval at stringToFunction (https://descript-website.vercel.app/_next/static/chunks/89-7d0a099d39f1910e.js:1:7110), <anonymous>:32:32)
    at l (https://descript-website.vercel.app/_next/static/chunks/89-7d0a099d39f1910e.js:1:8463)
    at BuilderBlock.getElement (https://descript-website.vercel.app/_next/static/chunks/89-7d0a099d39f1910e.js:1:18846)
    at https://descript-website.vercel.app/_next/static/chunks/89-7d0a099d39f1910e.js:1:23003
    at Proxy.map (<anonymous>)
    at Object.apply (https://descript-website.vercel.app/_next/static/chunks/89-7d0a099d39f1910e.js:1:39523)
    at BuilderBlock.contents (https://descript-website.vercel.app/_next/static/chunks/89-7d0a099d39f1910e.js:1:22751)
    at https://descript-website.vercel.app/_next/static/chunks/89-7d0a099d39f1910e.js:1:23431
    at iZ (https://descript-website.vercel.app/_next/static/chunks/fd9d1056-de843bf1a2725082.js:1:121742)
    at ia (https://descript-website.vercel.app/_next/static/chunks/fd9d1056-de843bf1a2725082.js:1:95162) @ https://descript-website.vercel.app/_next/static/chunks/89-7d0a099d39f1910e.js:0
[    1582ms] [WARNING] Builder custom code error: inputs is not defined in var _virtual_index=inputs.Cards;return _virtual_index ReferenceError: inputs is not defined
    at eval (eval at stringToFunction (https://descript-website.vercel.app/_next/static/chunks/89-7d0a099d39f1910e.js:1:7110), <anonymous>:32:32)
    at l (https://descript-website.vercel.app/_next/static/chunks/89-7d0a099d39f1910e.js:1:8463)
    at BuilderBlock.getElement (https://descript-website.vercel.app/_next/static/chunks/89-7d0a099d39f1910e.js:1:18846)
    at https://descript-website.vercel.app/_next/static/chunks/89-7d0a099d39f1910e.js:1:23003
    at Proxy.map (<anonymous>)
    at Object.apply (https://descript-website.vercel.app/_next/static/chunks/89-7d0a099d39f1910e.js:1:39523)
    at BuilderBlock.contents (https://descript-website.vercel.app/_next/static/chunks/89-7d0a099d39f1910e.js:1:22751)
    at https://descript-website.vercel.app/_next/static/chunks/89-7d0a099d39f1910e.js:1:23431
    at iZ (https://descript-website.vercel.app/_next/static/chunks/fd9d1056-de843bf1a2725082.js:1:121742)
    at ia (https://descript-website.vercel.app/_next/static/chunks/fd9d1056-de843bf1a2725082.js:1:95162) @ https://descript-website.vercel.app/_next/static/chunks/89-7d0a099d39f1910e.js:0
[    1582ms] [WARNING] Builder custom code error: inputs is not defined in var _virtual_index=inputs.Cards;return _virtual_index ReferenceError: inputs is not defined
    at eval (eval at stringToFunction (https://descript-website.vercel.app/_next/static/chunks/89-7d0a099d39f1910e.js:1:7110), <anonymous>:32:32)
    at l (https://descript-website.vercel.app/_next/static/chunks/89-7d0a099d39f1910e.js:1:8463)
    at BuilderBlock.getElement (https://descript-website.vercel.app/_next/static/chunks/89-7d0a099d39f1910e.js:1:18846)
    at https://descript-website.vercel.app/_next/static/chunks/89-7d0a099d39f1910e.js:1:23003
    at Proxy.map (<anonymous>)
    at Object.apply (https://descript-website.vercel.app/_next/static/chunks/89-7d0a099d39f1910e.js:1:39523)
    at BuilderBlock.contents (https://descript-website.vercel.app/_next/static/chunks/89-7d0a099d39f1910e.js:1:22751)
    at https://descript-website.vercel.app/_next/static/chunks/89-7d0a099d39f1910e.js:1:23431
    at iZ (https://descript-website.vercel.app/_next/static/chunks/fd9d1056-de843bf1a2725082.js:1:121742)
    at ia (https://descript-website.vercel.app/_next/static/chunks/fd9d1056-de843bf1a2725082.js:1:95162) @ https://descript-website.vercel.app/_next/static/chunks/89-7d0a099d39f1910e.js:0
[    1630ms] [WARNING] Builder custom code error: inputs is not defined in var _virtual_index=inputs.Cards;return _virtual_index ReferenceError: inputs is not defined
    at eval (eval at stringToFunction (https://descript-website.vercel.app/_next/static/chunks/89-7d0a099d39f1910e.js:1:7110), <anonymous>:32:32)
    at l (https://descript-website.vercel.app/_next/static/chunks/89-7d0a099d39f1910e.js:1:8463)
    at BuilderBlock.getElement (https://descript-website.vercel.app/_next/static/chunks/89-7d0a099d39f1910e.js:1:18846)
    at https://descript-website.vercel.app/_next/static/chunks/89-7d0a099d39f1910e.js:1:23003
    at Proxy.map (<anonymous>)
    at Object.apply (https://descript-website.vercel.app/_next/static/chunks/89-7d0a099d39f1910e.js:1:39523)
    at BuilderBlock.contents (https://descript-website.vercel.app/_next/static/chunks/89-7d0a099d39f1910e.js:1:22751)
    at https://descript-website.vercel.app/_next/static/chunks/89-7d0a099d39f1910e.js:1:23431
    at iZ (https://descript-website.vercel.app/_next/static/chunks/fd9d1056-de843bf1a2725082.js:1:121742)
    at ia (https://descript-website.vercel.app/_next/static/chunks/fd9d1056-de843bf1a2725082.js:1:95162) @ https://descript-website.vercel.app/_next/static/chunks/89-7d0a099d39f1910e.js:0
[    1631ms] [WARNING] Builder custom code error: inputs is not defined in var _virtual_index=inputs.Cards;return _virtual_index ReferenceError: inputs is not defined
    at eval (eval at stringToFunction (https://descript-website.vercel.app/_next/static/chunks/89-7d0a099d39f1910e.js:1:7110), <anonymous>:32:32)
    at l (https://descript-website.vercel.app/_next/static/chunks/89-7d0a099d39f1910e.js:1:8463)
    at BuilderBlock.getElement (https://descript-website.vercel.app/_next/static/chunks/89-7d0a099d39f1910e.js:1:18846)
    at https://descript-website.vercel.app/_next/static/chunks/89-7d0a099d39f1910e.js:1:23003
    at Proxy.map (<anonymous>)
    at Object.apply (https://descript-website.vercel.app/_next/static/chunks/89-7d0a099d39f1910e.js:1:39523)
    at BuilderBlock.contents (https://descript-website.vercel.app/_next/static/chunks/89-7d0a099d39f1910e.js:1:22751)
    at https://descript-website.vercel.app/_next/static/chunks/89-7d0a099d39f1910e.js:1:23431
    at iZ (https://descript-website.vercel.app/_next/static/chunks/fd9d1056-de843bf1a2725082.js:1:121742)
    at ia (https://descript-website.vercel.app/_next/static/chunks/fd9d1056-de843bf1a2725082.js:1:95162) @ https://descript-website.vercel.app/_next/static/chunks/89-7d0a099d39f1910e.js:0
[    1631ms] [WARNING] Builder custom code error: inputs is not defined in var _virtual_index=inputs.Cards;return _virtual_index ReferenceError: inputs is not defined
    at eval (eval at stringToFunction (https://descript-website.vercel.app/_next/static/chunks/89-7d0a099d39f1910e.js:1:7110), <anonymous>:32:32)
    at l (https://descript-website.vercel.app/_next/static/chunks/89-7d0a099d39f1910e.js:1:8463)
    at BuilderBlock.getElement (https://descript-website.vercel.app/_next/static/chunks/89-7d0a099d39f1910e.js:1:18846)
    at https://descript-website.vercel.app/_next/static/chunks/89-7d0a099d39f1910e.js:1:23003
    at Proxy.map (<anonymous>)
    at Object.apply (https://descript-website.vercel.app/_next/static/chunks/89-7d0a099d39f1910e.js:1:39523)
    at BuilderBlock.contents (https://descript-website.vercel.app/_next/static/chunks/89-7d0a099d39f1910e.js:1:22751)
    at https://descript-website.vercel.app/_next/static/chunks/89-7d0a099d39f1910e.js:1:23431
    at iZ (https://descript-website.vercel.app/_next/static/chunks/fd9d1056-de843bf1a2725082.js:1:121742)
    at ia (https://descript-website.vercel.app/_next/static/chunks/fd9d1056-de843bf1a2725082.js:1:95162) @ https://descript-website.vercel.app/_next/static/chunks/89-7d0a099d39f1910e.js:0
[    1700ms] [WARNING] Builder custom code error: Cannot read properties of undefined (reading 'label') in var _virtual_index=state.cardsItem.button.label&&!state.cardsItem.cardLink;return _virtual_index TypeError: Cannot read properties of undefined (reading 'label')
    at eval (eval at stringToFunction (https://descript-website.vercel.app/_next/static/chunks/89-7d0a099d39f1910e.js:1:7110), <anonymous>:32:55)
    at l (https://descript-website.vercel.app/_next/static/chunks/89-7d0a099d39f1910e.js:1:8463)
    at BuilderBlock.getElement (https://descript-website.vercel.app/_next/static/chunks/89-7d0a099d39f1910e.js:1:18846)
    at BuilderBlock.contents (https://descript-website.vercel.app/_next/static/chunks/89-7d0a099d39f1910e.js:1:23039)
    at https://descript-website.vercel.app/_next/static/chunks/89-7d0a099d39f1910e.js:1:23431
    at iZ (https://descript-website.vercel.app/_next/static/chunks/fd9d1056-de843bf1a2725082.js:1:121742)
    at ia (https://descript-website.vercel.app/_next/static/chunks/fd9d1056-de843bf1a2725082.js:1:95162)
    at https://descript-website.vercel.app/_next/static/chunks/fd9d1056-de843bf1a2725082.js:1:94984
    at il (https://descript-website.vercel.app/_next/static/chunks/fd9d1056-de843bf1a2725082.js:1:94991)
    at oJ (https://descript-website.vercel.app/_next/static/chunks/fd9d1056-de843bf1a2725082.js:1:92347) @ https://descript-website.vercel.app/_next/static/chunks/89-7d0a099d39f1910e.js:0
[    1700ms] [WARNING] Builder custom code error: Cannot read properties of undefined (reading 'label') in var _virtual_index=state.cardsItem.button.label;return _virtual_index TypeError: Cannot read properties of undefined (reading 'label')
    at eval (eval at stringToFunction (https://descript-website.vercel.app/_next/static/chunks/89-7d0a099d39f1910e.js:1:7110), <anonymous>:32:55)
    at l (https://descript-website.vercel.app/_next/static/chunks/89-7d0a099d39f1910e.js:1:8463)
    at BuilderBlock.getElement (https://descript-website.vercel.app/_next/static/chunks/89-7d0a099d39f1910e.js:1:18846)
    at BuilderBlock.contents (https://descript-website.vercel.app/_next/static/chunks/89-7d0a099d39f1910e.js:1:23039)
    at https://descript-website.vercel.app/_next/static/chunks/89-7d0a099d39f1910e.js:1:23431
    at iZ (https://descript-website.vercel.app/_next/static/chunks/fd9d1056-de843bf1a2725082.js:1:121742)
    at ia (https://descript-website.vercel.app/_next/static/chunks/fd9d1056-de843bf1a2725082.js:1:95162)
    at https://descript-website.vercel.app/_next/static/chunks/fd9d1056-de843bf1a2725082.js:1:94984
    at il (https://descript-website.vercel.app/_next/static/chunks/fd9d1056-de843bf1a2725082.js:1:94991)
    at oJ (https://descript-website.vercel.app/_next/static/chunks/fd9d1056-de843bf1a2725082.js:1:92347) @ https://descript-website.vercel.app/_next/static/chunks/89-7d0a099d39f1910e.js:0
[    1700ms] [WARNING] Builder custom code error: Cannot read properties of undefined (reading 'link') in var _virtual_index=state.cardsItem.button.link;return _virtual_index TypeError: Cannot read properties of undefined (reading 'link')
    at eval (eval at stringToFunction (https://descript-website.vercel.app/_next/static/chunks/89-7d0a099d39f1910e.js:1:7110), <anonymous>:32:55)
    at l (https://descript-website.vercel.app/_next/static/chunks/89-7d0a099d39f1910e.js:1:8463)
    at BuilderBlock.getElement (https://descript-website.vercel.app/_next/static/chunks/89-7d0a099d39f1910e.js:1:18846)
    at BuilderBlock.contents (https://descript-website.vercel.app/_next/static/chunks/89-7d0a099d39f1910e.js:1:23039)
    at https://descript-website.vercel.app/_next/static/chunks/89-7d0a099d39f1910e.js:1:23431
    at iZ (https://descript-website.vercel.app/_next/static/chunks/fd9d1056-de843bf1a2725082.js:1:121742)
    at ia (https://descript-website.vercel.app/_next/static/chunks/fd9d1056-de843bf1a2725082.js:1:95162)
    at https://descript-website.vercel.app/_next/static/chunks/fd9d1056-de843bf1a2725082.js:1:94984
    at il (https://descript-website.vercel.app/_next/static/chunks/fd9d1056-de843bf1a2725082.js:1:94991)
    at oJ (https://descript-website.vercel.app/_next/static/chunks/fd9d1056-de843bf1a2725082.js:1:92347) @ https://descript-website.vercel.app/_next/static/chunks/89-7d0a099d39f1910e.js:0
[    1702ms] [WARNING] Builder custom code error: Cannot read properties of undefined (reading 'label') in var _virtual_index=state.cardsItem.button.label&&!state.cardsItem.cardLink;return _virtual_index TypeError: Cannot read properties of undefined (reading 'label')
    at eval (eval at stringToFunction (https://descript-website.vercel.app/_next/static/chunks/89-7d0a099d39f1910e.js:1:7110), <anonymous>:32:55)
    at l (https://descript-website.vercel.app/_next/static/chunks/89-7d0a099d39f1910e.js:1:8463)
    at BuilderBlock.getElement (https://descript-website.vercel.app/_next/static/chunks/89-7d0a099d39f1910e.js:1:18846)
    at BuilderBlock.contents (https://descript-website.vercel.app/_next/static/chunks/89-7d0a099d39f1910e.js:1:23039)
    at https://descript-website.vercel.app/_next/static/chunks/89-7d0a099d39f1910e.js:1:23431
    at iZ (https://descript-website.vercel.app/_next/static/chunks/fd9d1056-de843bf1a2725082.js:1:121742)
    at ia (https://descript-website.vercel.app/_next/static/chunks/fd9d1056-de843bf1a2725082.js:1:95162)
    at https://descript-website.vercel.app/_next/static/chunks/fd9d1056-de843bf1a2725082.js:1:94984
    at il (https://descript-website.vercel.app/_next/static/chunks/fd9d1056-de843bf1a2725082.js:1:94991)
    at oJ (https://descript-website.vercel.app/_next/static/chunks/fd9d1056-de843bf1a2725082.js:1:92347) @ https://descript-website.vercel.app/_next/static/chunks/89-7d0a099d39f1910e.js:0
[    1702ms] [WARNING] Builder custom code error: Cannot read properties of undefined (reading 'label') in var _virtual_index=state.cardsItem.button.label;return _virtual_index TypeError: Cannot read properties of undefined (reading 'label')
    at eval (eval at stringToFunction (https://descript-website.vercel.app/_next/static/chunks/89-7d0a099d39f1910e.js:1:7110), <anonymous>:32:55)
    at l (https://descript-website.vercel.app/_next/static/chunks/89-7d0a099d39f1910e.js:1:8463)
    at BuilderBlock.getElement (https://descript-website.vercel.app/_next/static/chunks/89-7d0a099d39f1910e.js:1:18846)
    at BuilderBlock.contents (https://descript-website.vercel.app/_next/static/chunks/89-7d0a099d39f1910e.js:1:23039)
    at https://descript-website.vercel.app/_next/static/chunks/89-7d0a099d39f1910e.js:1:23431
    at iZ (https://descript-website.vercel.app/_next/static/chunks/fd9d1056-de843bf1a2725082.js:1:121742)
    at ia (https://descript-website.vercel.app/_next/static/chunks/fd9d1056-de843bf1a2725082.js:1:95162)
    at https://descript-website.vercel.app/_next/static/chunks/fd9d1056-de843bf1a2725082.js:1:94984
    at il (https://descript-website.vercel.app/_next/static/chunks/fd9d1056-de843bf1a2725082.js:1:94991)
    at oJ (https://descript-website.vercel.app/_next/static/chunks/fd9d1056-de843bf1a2725082.js:1:92347) @ https://descript-website.vercel.app/_next/static/chunks/89-7d0a099d39f1910e.js:0
[    1702ms] [WARNING] Builder custom code error: Cannot read properties of undefined (reading 'link') in var _virtual_index=state.cardsItem.button.link;return _virtual_index TypeError: Cannot read properties of undefined (reading 'link')
    at eval (eval at stringToFunction (https://descript-website.vercel.app/_next/static/chunks/89-7d0a099d39f1910e.js:1:7110), <anonymous>:32:55)
    at l (https://descript-website.vercel.app/_next/static/chunks/89-7d0a099d39f1910e.js:1:8463)
    at BuilderBlock.getElement (https://descript-website.vercel.app/_next/static/chunks/89-7d0a099d39f1910e.js:1:18846)
    at BuilderBlock.contents (https://descript-website.vercel.app/_next/static/chunks/89-7d0a099d39f1910e.js:1:23039)
    at https://descript-website.vercel.app/_next/static/chunks/89-7d0a099d39f1910e.js:1:23431
    at iZ (https://descript-website.vercel.app/_next/static/chunks/fd9d1056-de843bf1a2725082.js:1:121742)
    at ia (https://descript-website.vercel.app/_next/static/chunks/fd9d1056-de843bf1a2725082.js:1:95162)
    at https://descript-website.vercel.app/_next/static/chunks/fd9d1056-de843bf1a2725082.js:1:94984
    at il (https://descript-website.vercel.app/_next/static/chunks/fd9d1056-de843bf1a2725082.js:1:94991)
    at oJ (https://descript-website.vercel.app/_next/static/chunks/fd9d1056-de843bf1a2725082.js:1:92347) @ https://descript-website.vercel.app/_next/static/chunks/89-7d0a099d39f1910e.js:0
[    1766ms] Uncaught Error: Minified React error #418; visit https://react.dev/errors/418 for the full message or use the non-minified dev environment for full errors and additional helpful warnings.
    at t5 (https://descript-website.vercel.app/_next/static/chunks/fd9d1056-de843bf1a2725082.js:0:24669)
    at iZ (https://descript-website.vercel.app/_next/static/chunks/fd9d1056-de843bf1a2725082.js:0:120534)
    at ia (https://descript-website.vercel.app/_next/static/chunks/fd9d1056-de843bf1a2725082.js:0:95161)
    at <anonymous> (https://descript-website.vercel.app/_next/static/chunks/fd9d1056-de843bf1a2725082.js:0:91087)
    at <anonymous> (https://descript-website.vercel.app/_next/static/chunks/fd9d1056-de843bf1a2725082.js:0:91094)
    at oZ (https://descript-website.vercel.app/_next/static/chunks/fd9d1056-de843bf1a2725082.js:0:91199)
    at T (https://descript-website.vercel.app/_next/static/chunks/23-3b61916335d80085.js:0:83730)
[    1766ms] Uncaught Error: Minified React error #418; visit https://react.dev/errors/418 for the full message or use the non-minified dev environment for full errors and additional helpful warnings.
    at t5 (https://descript-website.vercel.app/_next/static/chunks/fd9d1056-de843bf1a2725082.js:0:24669)
    at iZ (https://descript-website.vercel.app/_next/static/chunks/fd9d1056-de843bf1a2725082.js:0:120534)
    at ia (https://descript-website.vercel.app/_next/static/chunks/fd9d1056-de843bf1a2725082.js:0:95161)
    at <anonymous> (https://descript-website.vercel.app/_next/static/chunks/fd9d1056-de843bf1a2725082.js:0:91087)
    at <anonymous> (https://descript-website.vercel.app/_next/static/chunks/fd9d1056-de843bf1a2725082.js:0:91094)
    at oZ (https://descript-website.vercel.app/_next/static/chunks/fd9d1056-de843bf1a2725082.js:0:91199)
    at T (https://descript-website.vercel.app/_next/static/chunks/23-3b61916335d80085.js:0:83730)
[    1767ms] Uncaught Error: Minified React error #418; visit https://react.dev/errors/418 for the full message or use the non-minified dev environment for full errors and additional helpful warnings.
    at t5 (https://descript-website.vercel.app/_next/static/chunks/fd9d1056-de843bf1a2725082.js:0:24669)
    at iZ (https://descript-website.vercel.app/_next/static/chunks/fd9d1056-de843bf1a2725082.js:0:120534)
    at ia (https://descript-website.vercel.app/_next/static/chunks/fd9d1056-de843bf1a2725082.js:0:95161)
    at <anonymous> (https://descript-website.vercel.app/_next/static/chunks/fd9d1056-de843bf1a2725082.js:0:91087)
    at <anonymous> (https://descript-website.vercel.app/_next/static/chunks/fd9d1056-de843bf1a2725082.js:0:91094)
    at oZ (https://descript-website.vercel.app/_next/static/chunks/fd9d1056-de843bf1a2725082.js:0:91199)
    at T (https://descript-website.vercel.app/_next/static/chunks/23-3b61916335d80085.js:0:83730)
[    1767ms] Uncaught Error: Minified React error #418; visit https://react.dev/errors/418 for the full message or use the non-minified dev environment for full errors and additional helpful warnings.
    at t5 (https://descript-website.vercel.app/_next/static/chunks/fd9d1056-de843bf1a2725082.js:0:24669)
    at iZ (https://descript-website.vercel.app/_next/static/chunks/fd9d1056-de843bf1a2725082.js:0:120534)
    at ia (https://descript-website.vercel.app/_next/static/chunks/fd9d1056-de843bf1a2725082.js:0:95161)
    at <anonymous> (https://descript-website.vercel.app/_next/static/chunks/fd9d1056-de843bf1a2725082.js:0:91087)
    at <anonymous> (https://descript-website.vercel.app/_next/static/chunks/fd9d1056-de843bf1a2725082.js:0:91094)
    at oZ (https://descript-website.vercel.app/_next/static/chunks/fd9d1056-de843bf1a2725082.js:0:91199)
    at T (https://descript-website.vercel.app/_next/static/chunks/23-3b61916335d80085.js:0:83730)
[    1767ms] Uncaught Error: Minified React error #418; visit https://react.dev/errors/418 for the full message or use the non-minified dev environment for full errors and additional helpful warnings.
    at t5 (https://descript-website.vercel.app/_next/static/chunks/fd9d1056-de843bf1a2725082.js:0:24669)
    at iZ (https://descript-website.vercel.app/_next/static/chunks/fd9d1056-de843bf1a2725082.js:0:120534)
    at ia (https://descript-website.vercel.app/_next/static/chunks/fd9d1056-de843bf1a2725082.js:0:95161)
    at <anonymous> (https://descript-website.vercel.app/_next/static/chunks/fd9d1056-de843bf1a2725082.js:0:91087)
    at <anonymous> (https://descript-website.vercel.app/_next/static/chunks/fd9d1056-de843bf1a2725082.js:0:91094)
    at oZ (https://descript-website.vercel.app/_next/static/chunks/fd9d1056-de843bf1a2725082.js:0:91199)
    at T (https://descript-website.vercel.app/_next/static/chunks/23-3b61916335d80085.js:0:83730)
[    1767ms] Uncaught Error: Minified React error #418; visit https://react.dev/errors/418 for the full message or use the non-minified dev environment for full errors and additional helpful warnings.
    at t5 (https://descript-website.vercel.app/_next/static/chunks/fd9d1056-de843bf1a2725082.js:0:24669)
    at iZ (https://descript-website.vercel.app/_next/static/chunks/fd9d1056-de843bf1a2725082.js:0:120534)
    at ia (https://descript-website.vercel.app/_next/static/chunks/fd9d1056-de843bf1a2725082.js:0:95161)
    at <anonymous> (https://descript-website.vercel.app/_next/static/chunks/fd9d1056-de843bf1a2725082.js:0:91087)
    at <anonymous> (https://descript-website.vercel.app/_next/static/chunks/fd9d1056-de843bf1a2725082.js:0:91094)
    at oZ (https://descript-website.vercel.app/_next/static/chunks/fd9d1056-de843bf1a2725082.js:0:91199)
    at T (https://descript-website.vercel.app/_next/static/chunks/23-3b61916335d80085.js:0:83730)
[    1767ms] Uncaught Error: Minified React error #418; visit https://react.dev/errors/418 for the full message or use the non-minified dev environment for full errors and additional helpful warnings.
    at t5 (https://descript-website.vercel.app/_next/static/chunks/fd9d1056-de843bf1a2725082.js:0:24669)
    at iZ (https://descript-website.vercel.app/_next/static/chunks/fd9d1056-de843bf1a2725082.js:0:120534)
    at ia (https://descript-website.vercel.app/_next/static/chunks/fd9d1056-de843bf1a2725082.js:0:95161)
    at <anonymous> (https://descript-website.vercel.app/_next/static/chunks/fd9d1056-de843bf1a2725082.js:0:91087)
    at <anonymous> (https://descript-website.vercel.app/_next/static/chunks/fd9d1056-de843bf1a2725082.js:0:91094)
    at oZ (https://descript-website.vercel.app/_next/static/chunks/fd9d1056-de843bf1a2725082.js:0:91199)
    at T (https://descript-website.vercel.app/_next/static/chunks/23-3b61916335d80085.js:0:83730)
[    1767ms] Uncaught Error: Minified React error #418; visit https://react.dev/errors/418 for the full message or use the non-minified dev environment for full errors and additional helpful warnings.
    at t5 (https://descript-website.vercel.app/_next/static/chunks/fd9d1056-de843bf1a2725082.js:0:24669)
    at iZ (https://descript-website.vercel.app/_next/static/chunks/fd9d1056-de843bf1a2725082.js:0:120534)
    at ia (https://descript-website.vercel.app/_next/static/chunks/fd9d1056-de843bf1a2725082.js:0:95161)
    at <anonymous> (https://descript-website.vercel.app/_next/static/chunks/fd9d1056-de843bf1a2725082.js:0:91087)
    at <anonymous> (https://descript-website.vercel.app/_next/static/chunks/fd9d1056-de843bf1a2725082.js:0:91094)
    at oZ (https://descript-website.vercel.app/_next/static/chunks/fd9d1056-de843bf1a2725082.js:0:91199)
    at T (https://descript-website.vercel.app/_next/static/chunks/23-3b61916335d80085.js:0:83730)
[    1767ms] Uncaught Error: Minified React error #418; visit https://react.dev/errors/418 for the full message or use the non-minified dev environment for full errors and additional helpful warnings.
    at t5 (https://descript-website.vercel.app/_next/static/chunks/fd9d1056-de843bf1a2725082.js:0:24669)
    at iZ (https://descript-website.vercel.app/_next/static/chunks/fd9d1056-de843bf1a2725082.js:0:120534)
    at ia (https://descript-website.vercel.app/_next/static/chunks/fd9d1056-de843bf1a2725082.js:0:95161)
    at <anonymous> (https://descript-website.vercel.app/_next/static/chunks/fd9d1056-de843bf1a2725082.js:0:91087)
    at <anonymous> (https://descript-website.vercel.app/_next/static/chunks/fd9d1056-de843bf1a2725082.js:0:91094)
    at oZ (https://descript-website.vercel.app/_next/static/chunks/fd9d1056-de843bf1a2725082.js:0:91199)
    at T (https://descript-website.vercel.app/_next/static/chunks/23-3b61916335d80085.js:0:83730)
[    1767ms] Uncaught Error: Minified React error #418; visit https://react.dev/errors/418 for the full message or use the non-minified dev environment for full errors and additional helpful warnings.
    at t5 (https://descript-website.vercel.app/_next/static/chunks/fd9d1056-de843bf1a2725082.js:0:24669)
    at iZ (https://descript-website.vercel.app/_next/static/chunks/fd9d1056-de843bf1a2725082.js:0:120534)
    at ia (https://descript-website.vercel.app/_next/static/chunks/fd9d1056-de843bf1a2725082.js:0:95161)
    at <anonymous> (https://descript-website.vercel.app/_next/static/chunks/fd9d1056-de843bf1a2725082.js:0:91087)
    at <anonymous> (https://descript-website.vercel.app/_next/static/chunks/fd9d1056-de843bf1a2725082.js:0:91094)
    at oZ (https://descript-website.vercel.app/_next/static/chunks/fd9d1056-de843bf1a2725082.js:0:91199)
    at T (https://descript-website.vercel.app/_next/static/chunks/23-3b61916335d80085.js:0:83730)
[    1767ms] Uncaught Error: Minified React error #423; visit https://react.dev/errors/423 for the full message or use the non-minified dev environment for full errors and additional helpful warnings.
    at iZ (https://descript-website.vercel.app/_next/static/chunks/fd9d1056-de843bf1a2725082.js:0:118348)
    at ia (https://descript-website.vercel.app/_next/static/chunks/fd9d1056-de843bf1a2725082.js:0:95161)
    at <anonymous> (https://descript-website.vercel.app/_next/static/chunks/fd9d1056-de843bf1a2725082.js:0:94983)
    at il (https://descript-website.vercel.app/_next/static/chunks/fd9d1056-de843bf1a2725082.js:0:94990)
    at oJ (https://descript-website.vercel.app/_next/static/chunks/fd9d1056-de843bf1a2725082.js:0:92346)
    at oZ (https://descript-website.vercel.app/_next/static/chunks/fd9d1056-de843bf1a2725082.js:0:91765)
    at T (https://descript-website.vercel.app/_next/static/chunks/23-3b61916335d80085.js:0:83730)
[    1959ms] [LOG] sending page data to server... @ https://descript-website.vercel.app/_next/static/chunks/app/layout-5755e58a3275dbdb.js:0
[    2497ms] [LOG] browser is NOT safari.... @ :2
[    2587ms] [LOG] browser is NOT safari.... @ :2
[    3836ms] [WARNING] [GSI_LOGGER]: Your client application uses one of the Google One Tap prompt UI status methods that may stop functioning when FedCM becomes mandatory. Refer to the migration guide to update your code accordingly and opt-in to FedCM to test your changes. Learn more: https://developers.google.com/identity/gsi/web/guides/fedcm-migration?s=dc#display_moment and https://developers.google.com/identity/gsi/web/guides/fedcm-migration?s=dc#skipped_moment @ https://accounts.google.com/gsi/client:84
[    4603ms] [WARNING] The resource https://px.ads.linkedin.com/collect/?pid=3756516&fmt=gif was preloaded using link preload but not used within a few seconds from the window's load event. Please make sure it has an appropriate `as` value and it is preloaded intentionally. @ https://www.descript.com/:0
[    4686ms] [WARNING] [Meta Pixel] - Duplicate Pixel ID: 1913645192283358. @ https://connect.facebook.net/en_US/fbevents.js:181
[    6463ms] [ERROR] Failed to load resource: net::ERR_NAME_NOT_RESOLVED @ https://www.dlltl7trk.com/scripts/sdk/everflow.js:0
[   23118ms] [WARNING] The resource https://px.ads.linkedin.com/collect/?pid=3756516&fmt=gif was preloaded using link preload but not used within a few seconds from the window's load event. Please make sure it has an appropriate `as` value and it is preloaded intentionally. @ https://www.descript.com/:0
[   36304ms] [WARNING] The resource https://px.ads.linkedin.com/collect/?pid=3756516&fmt=gif was preloaded using link preload but not used within a few seconds from the window's load event. Please make sure it has an appropriate `as` value and it is preloaded intentionally. @ https://www.descript.com/:0
[   51018ms] [WARNING] The resource https://px.ads.linkedin.com/collect/?pid=3756516&fmt=gif was preloaded using link preload but not used within a few seconds from the window's load event. Please make sure it has an appropriate `as` value and it is preloaded intentionally. @ https://www.descript.com/:0
[   67435ms] [WARNING] The resource https://px.ads.linkedin.com/collect/?pid=3756516&fmt=gif was preloaded using link preload but not used within a few seconds from the window's load event. Please make sure it has an appropriate `as` value and it is preloaded intentionally. @ https://www.descript.com/:0
[   84703ms] [WARNING] The resource https://px.ads.linkedin.com/collect/?pid=3756516&fmt=gif was preloaded using link preload but not used within a few seconds from the window's load event. Please make sure it has an appropriate `as` value and it is preloaded intentionally. @ https://www.descript.com/:0
[   96321ms] [WARNING] The resource https://px.ads.linkedin.com/collect/?pid=3756516&fmt=gif was preloaded using link preload but not used within a few seconds from the window's load event. Please make sure it has an appropriate `as` value and it is preloaded intentionally. @ https://www.descript.com/:0
[  260150ms] [WARNING] The resource https://px.ads.linkedin.com/collect/?pid=3756516&fmt=gif was preloaded using link preload but not used within a few seconds from the window's load event. Please make sure it has an appropriate `as` value and it is preloaded intentionally. @ https://www.descript.com/:0
