[     502ms] [INFO] %cDownload the React DevTools for a better development experience: https://react.dev/link/react-devtools font-weight:bold @ http://localhost:3000/_next/static/chunks/node_modules_next_dist_115brz8._.js:2431
[     607ms] [LOG] [HMR] connected @ http://localhost:3000/_next/static/chunks/node_modules_next_dist_115brz8._.js:2431
[    1044ms] [WARNING] Image with src "/1.jpeg" has either width or height modified, but not the other. If you use CSS to change the size of your image, also include the styles 'width: "auto"' or 'height: "auto"' to maintain the aspect ratio. @ http://localhost:3000/_next/static/chunks/node_modules_next_dist_115brz8._.js:2431
[    1044ms] [WARNING] Image with src "/2.jpeg" has either width or height modified, but not the other. If you use CSS to change the size of your image, also include the styles 'width: "auto"' or 'height: "auto"' to maintain the aspect ratio. @ http://localhost:3000/_next/static/chunks/node_modules_next_dist_115brz8._.js:2431
[    1044ms] [WARNING] Image with src "/3.jpeg" has either width or height modified, but not the other. If you use CSS to change the size of your image, also include the styles 'width: "auto"' or 'height: "auto"' to maintain the aspect ratio. @ http://localhost:3000/_next/static/chunks/node_modules_next_dist_115brz8._.js:2431
[    1045ms] [WARNING] Image with src "/4.jpeg" has either width or height modified, but not the other. If you use CSS to change the size of your image, also include the styles 'width: "auto"' or 'height: "auto"' to maintain the aspect ratio. @ http://localhost:3000/_next/static/chunks/node_modules_next_dist_115brz8._.js:2431
[    1045ms] [WARNING] Image with src "/5.jpeg" has either width or height modified, but not the other. If you use CSS to change the size of your image, also include the styles 'width: "auto"' or 'height: "auto"' to maintain the aspect ratio. @ http://localhost:3000/_next/static/chunks/node_modules_next_dist_115brz8._.js:2431
[    1045ms] [WARNING] Image with src "/6.jpeg" has either width or height modified, but not the other. If you use CSS to change the size of your image, also include the styles 'width: "auto"' or 'height: "auto"' to maintain the aspect ratio. @ http://localhost:3000/_next/static/chunks/node_modules_next_dist_115brz8._.js:2431
[    1045ms] [WARNING] Image with src "/7.jpeg" has either width or height modified, but not the other. If you use CSS to change the size of your image, also include the styles 'width: "auto"' or 'height: "auto"' to maintain the aspect ratio. @ http://localhost:3000/_next/static/chunks/node_modules_next_dist_115brz8._.js:2431
[    1045ms] [WARNING] Image with src "/8.jpeg" has either width or height modified, but not the other. If you use CSS to change the size of your image, also include the styles 'width: "auto"' or 'height: "auto"' to maintain the aspect ratio. @ http://localhost:3000/_next/static/chunks/node_modules_next_dist_115brz8._.js:2431
[    1045ms] [WARNING] Image with src "/9.jpeg" has either width or height modified, but not the other. If you use CSS to change the size of your image, also include the styles 'width: "auto"' or 'height: "auto"' to maintain the aspect ratio. @ http://localhost:3000/_next/static/chunks/node_modules_next_dist_115brz8._.js:2431
[    1705ms] [ERROR] Failed to load resource: the server responded with a status of 403 () @ https://accounts.google.com/gsi/status?client_id=473129584699-t3r6astutelfdfacc5at2ahv9kifoj7m.apps.googleusercontent.com&cas=7v6%2FNjcketbS2BKpSVVcEH66XjjiCmngY1kPg0UqkZU&bs=rJC9rbcPw80NiVFl0vhrfhHkEQrAPnv8UHb17WPkXE4:0
[    1735ms] [LOG] [Fast Refresh] rebuilding @ http://localhost:3000/_next/static/chunks/node_modules_next_dist_115brz8._.js:2431
[    1835ms] [ERROR] Access to XMLHttpRequest at 'https://backend-lively-hill-7043.fly.dev/api/v1/config/limits' from origin 'http://localhost:3000' has been blocked by CORS policy: Response to preflight request doesn't pass access control check: No 'Access-Control-Allow-Origin' header is present on the requested resource. @ http://localhost:3000/:0
[    1836ms] [ERROR] Failed to load resource: net::ERR_FAILED @ https://backend-lively-hill-7043.fly.dev/api/v1/config/limits:0
[    1842ms] [ERROR] Access to fetch at 'https://backend-lively-hill-7043.fly.dev/api/v1/' from origin 'http://localhost:3000' has been blocked by CORS policy: Response to preflight request doesn't pass access control check: No 'Access-Control-Allow-Origin' header is present on the requested resource. @ http://localhost:3000/:0
[    1842ms] [ERROR] Failed to load resource: net::ERR_FAILED @ https://backend-lively-hill-7043.fly.dev/api/v1/:0
[    1842ms] [ERROR] Access to fetch at 'https://backend-lively-hill-7043.fly.dev/api/v1/' from origin 'http://localhost:3000' has been blocked by CORS policy: Response to preflight request doesn't pass access control check: No 'Access-Control-Allow-Origin' header is present on the requested resource. @ http://localhost:3000/:0
[    1843ms] [ERROR] Failed to load resource: net::ERR_FAILED @ https://backend-lively-hill-7043.fly.dev/api/v1/:0
[    1863ms] [ERROR] Access to XMLHttpRequest at 'https://backend-lively-hill-7043.fly.dev/api/v1/jobs/recover/latest' from origin 'http://localhost:3000' has been blocked by CORS policy: Response to preflight request doesn't pass access control check: No 'Access-Control-Allow-Origin' header is present on the requested resource. @ http://localhost:3000/:0
[    1863ms] [ERROR] Failed to load resource: net::ERR_FAILED @ https://backend-lively-hill-7043.fly.dev/api/v1/jobs/recover/latest:0
[    1863ms] [ERROR] Access to XMLHttpRequest at 'https://backend-lively-hill-7043.fly.dev/api/v1/jobs/recover/latest' from origin 'http://localhost:3000' has been blocked by CORS policy: Response to preflight request doesn't pass access control check: No 'Access-Control-Allow-Origin' header is present on the requested resource. @ http://localhost:3000/:0
[    1863ms] [ERROR] Failed to load resource: net::ERR_FAILED @ https://backend-lively-hill-7043.fly.dev/api/v1/jobs/recover/latest:0
[    1863ms] [ERROR] Access to XMLHttpRequest at 'https://backend-lively-hill-7043.fly.dev/api/v1/config/limits' from origin 'http://localhost:3000' has been blocked by CORS policy: Response to preflight request doesn't pass access control check: No 'Access-Control-Allow-Origin' header is present on the requested resource. @ http://localhost:3000/:0
[    1863ms] [ERROR] Failed to load resource: net::ERR_FAILED @ https://backend-lively-hill-7043.fly.dev/api/v1/config/limits:0
[    1919ms] [LOG] [Fast Refresh] done in 287ms @ http://localhost:3000/_next/static/chunks/node_modules_next_dist_115brz8._.js:2431
[    6908ms] [ERROR] User declined or dismissed prompt. API exponential cool down triggered. @ http://localhost:3000/:0
[    6909ms] [ERROR] [GSI_LOGGER]: FedCM get() rejects with NetworkError: Error retrieving a token. @ http://localhost:3000/_next/static/chunks/node_modules_next_dist_115brz8._.js:3272
[    9348ms] [LOG] [Fast Refresh] rebuilding @ http://localhost:3000/_next/static/chunks/node_modules_next_dist_115brz8._.js:2431
[    9515ms] [LOG] [Fast Refresh] done in 279ms @ http://localhost:3000/_next/static/chunks/node_modules_next_dist_115brz8._.js:2431
[   77129ms] [LOG] [Fast Refresh] rebuilding @ http://localhost:3000/_next/static/chunks/node_modules_next_dist_115brz8._.js:2431
[   77190ms] [LOG] [Fast Refresh] done in 162ms @ http://localhost:3000/_next/static/chunks/node_modules_next_dist_115brz8._.js:2431
[   77380ms] [INFO] %cDownload the React DevTools for a better development experience: https://react.dev/link/react-devtools font-weight:bold @ http://localhost:3000/_next/static/chunks/node_modules_next_dist_115brz8._.js:2431
[   77455ms] [LOG] [HMR] connected @ http://localhost:3000/_next/static/chunks/node_modules_next_dist_115brz8._.js:2431
[   78029ms] [WARNING] Image with src "/1.jpeg" has either width or height modified, but not the other. If you use CSS to change the size of your image, also include the styles 'width: "auto"' or 'height: "auto"' to maintain the aspect ratio. @ http://localhost:3000/_next/static/chunks/node_modules_next_dist_115brz8._.js:2431
[   78029ms] [WARNING] Image with src "/2.jpeg" has either width or height modified, but not the other. If you use CSS to change the size of your image, also include the styles 'width: "auto"' or 'height: "auto"' to maintain the aspect ratio. @ http://localhost:3000/_next/static/chunks/node_modules_next_dist_115brz8._.js:2431
[   78030ms] [WARNING] Image with src "/3.jpeg" has either width or height modified, but not the other. If you use CSS to change the size of your image, also include the styles 'width: "auto"' or 'height: "auto"' to maintain the aspect ratio. @ http://localhost:3000/_next/static/chunks/node_modules_next_dist_115brz8._.js:2431
[   78030ms] [WARNING] Image with src "/4.jpeg" has either width or height modified, but not the other. If you use CSS to change the size of your image, also include the styles 'width: "auto"' or 'height: "auto"' to maintain the aspect ratio. @ http://localhost:3000/_next/static/chunks/node_modules_next_dist_115brz8._.js:2431
[   78030ms] [WARNING] Image with src "/5.jpeg" has either width or height modified, but not the other. If you use CSS to change the size of your image, also include the styles 'width: "auto"' or 'height: "auto"' to maintain the aspect ratio. @ http://localhost:3000/_next/static/chunks/node_modules_next_dist_115brz8._.js:2431
[   78030ms] [WARNING] Image with src "/6.jpeg" has either width or height modified, but not the other. If you use CSS to change the size of your image, also include the styles 'width: "auto"' or 'height: "auto"' to maintain the aspect ratio. @ http://localhost:3000/_next/static/chunks/node_modules_next_dist_115brz8._.js:2431
[   78030ms] [WARNING] Image with src "/7.jpeg" has either width or height modified, but not the other. If you use CSS to change the size of your image, also include the styles 'width: "auto"' or 'height: "auto"' to maintain the aspect ratio. @ http://localhost:3000/_next/static/chunks/node_modules_next_dist_115brz8._.js:2431
[   78031ms] [WARNING] Image with src "/8.jpeg" has either width or height modified, but not the other. If you use CSS to change the size of your image, also include the styles 'width: "auto"' or 'height: "auto"' to maintain the aspect ratio. @ http://localhost:3000/_next/static/chunks/node_modules_next_dist_115brz8._.js:2431
[   78031ms] [WARNING] Image with src "/9.jpeg" has either width or height modified, but not the other. If you use CSS to change the size of your image, also include the styles 'width: "auto"' or 'height: "auto"' to maintain the aspect ratio. @ http://localhost:3000/_next/static/chunks/node_modules_next_dist_115brz8._.js:2431
[   78182ms] [ERROR] Failed to load resource: the server responded with a status of 403 () @ https://accounts.google.com/gsi/status?client_id=473129584699-t3r6astutelfdfacc5at2ahv9kifoj7m.apps.googleusercontent.com&cas=9cLWYX0b0PVT2p0o%2FT9bh4Qx3QQnwN1etrusjXxjEV0&bs=rJC9rbcPw80NiVFl0vhrfhHkEQrAPnv8UHb17WPkXE4:0
[   78183ms] [ERROR] FedCM was disabled either temporarily based on previous user action or permanently via site settings. Try manage third-party sign-in via the icon to the left of the URL bar or via site settings. @ http://localhost:3000/:0
[   79002ms] [ERROR] Access to fetch at 'https://backend-lively-hill-7043.fly.dev/api/v1/' from origin 'http://localhost:3000' has been blocked by CORS policy: Response to preflight request doesn't pass access control check: No 'Access-Control-Allow-Origin' header is present on the requested resource. @ http://localhost:3000/:0
[   79002ms] [ERROR] Failed to load resource: net::ERR_FAILED @ https://backend-lively-hill-7043.fly.dev/api/v1/:0
[   79058ms] [ERROR] Access to XMLHttpRequest at 'https://backend-lively-hill-7043.fly.dev/api/v1/jobs/recover/latest' from origin 'http://localhost:3000' has been blocked by CORS policy: Response to preflight request doesn't pass access control check: No 'Access-Control-Allow-Origin' header is present on the requested resource. @ http://localhost:3000/:0
[   79058ms] [ERROR] Failed to load resource: net::ERR_FAILED @ https://backend-lively-hill-7043.fly.dev/api/v1/jobs/recover/latest:0
[   79065ms] [ERROR] Access to fetch at 'https://backend-lively-hill-7043.fly.dev/api/v1/' from origin 'http://localhost:3000' has been blocked by CORS policy: Response to preflight request doesn't pass access control check: No 'Access-Control-Allow-Origin' header is present on the requested resource. @ http://localhost:3000/:0
[   79065ms] [ERROR] Failed to load resource: net::ERR_FAILED @ https://backend-lively-hill-7043.fly.dev/api/v1/:0
[   79065ms] [ERROR] Access to XMLHttpRequest at 'https://backend-lively-hill-7043.fly.dev/api/v1/config/limits' from origin 'http://localhost:3000' has been blocked by CORS policy: Response to preflight request doesn't pass access control check: No 'Access-Control-Allow-Origin' header is present on the requested resource. @ http://localhost:3000/:0
[   79066ms] [ERROR] Failed to load resource: net::ERR_FAILED @ https://backend-lively-hill-7043.fly.dev/api/v1/config/limits:0
[   79066ms] [ERROR] Access to XMLHttpRequest at 'https://backend-lively-hill-7043.fly.dev/api/v1/config/limits' from origin 'http://localhost:3000' has been blocked by CORS policy: Response to preflight request doesn't pass access control check: No 'Access-Control-Allow-Origin' header is present on the requested resource. @ http://localhost:3000/:0
[   79066ms] [ERROR] Failed to load resource: net::ERR_FAILED @ https://backend-lively-hill-7043.fly.dev/api/v1/config/limits:0
[   79075ms] [ERROR] Access to XMLHttpRequest at 'https://backend-lively-hill-7043.fly.dev/api/v1/jobs/recover/latest' from origin 'http://localhost:3000' has been blocked by CORS policy: Response to preflight request doesn't pass access control check: No 'Access-Control-Allow-Origin' header is present on the requested resource. @ http://localhost:3000/:0
[   79075ms] [ERROR] Failed to load resource: net::ERR_FAILED @ https://backend-lively-hill-7043.fly.dev/api/v1/jobs/recover/latest:0
[   87843ms] [ERROR] [GSI_LOGGER]: FedCM get() rejects with NetworkError: Error retrieving a token. @ http://localhost:3000/_next/static/chunks/node_modules_next_dist_115brz8._.js:3272
[  100142ms] [LOG] [Fast Refresh] rebuilding @ http://localhost:3000/_next/static/chunks/node_modules_next_dist_115brz8._.js:2431
[  100506ms] [LOG] [Fast Refresh] done in 341ms @ http://localhost:3000/_next/static/chunks/node_modules_next_dist_115brz8._.js:2431
[  100641ms] [LOG] [Fast Refresh] rebuilding @ http://localhost:3000/_next/static/chunks/node_modules_next_dist_115brz8._.js:2431
[  100681ms] [LOG] [Fast Refresh] done in 152ms @ http://localhost:3000/_next/static/chunks/node_modules_next_dist_115brz8._.js:2431
[  100800ms] [LOG] [Fast Refresh] rebuilding @ http://localhost:3000/_next/static/chunks/node_modules_next_dist_115brz8._.js:2431
[  100998ms] [ERROR] Access to fetch at 'https://backend-lively-hill-7043.fly.dev/api/v1/' from origin 'http://localhost:3000' has been blocked by CORS policy: Response to preflight request doesn't pass access control check: No 'Access-Control-Allow-Origin' header is present on the requested resource. @ http://localhost:3000/:0
[  100998ms] [ERROR] Failed to load resource: net::ERR_FAILED @ https://backend-lively-hill-7043.fly.dev/api/v1/:0
[  101157ms] [ERROR] Access to XMLHttpRequest at 'https://backend-lively-hill-7043.fly.dev/api/v1/jobs/recover/latest' from origin 'http://localhost:3000' has been blocked by CORS policy: Response to preflight request doesn't pass access control check: No 'Access-Control-Allow-Origin' header is present on the requested resource. @ http://localhost:3000/:0
[  101157ms] [ERROR] Failed to load resource: net::ERR_FAILED @ https://backend-lively-hill-7043.fly.dev/api/v1/jobs/recover/latest:0
[  101158ms] [ERROR] Access to XMLHttpRequest at 'https://backend-lively-hill-7043.fly.dev/api/v1/config/limits' from origin 'http://localhost:3000' has been blocked by CORS policy: Response to preflight request doesn't pass access control check: No 'Access-Control-Allow-Origin' header is present on the requested resource. @ http://localhost:3000/:0
[  101158ms] [ERROR] Failed to load resource: net::ERR_FAILED @ https://backend-lively-hill-7043.fly.dev/api/v1/config/limits:0
[  101490ms] [LOG] [Fast Refresh] done in 797ms @ http://localhost:3000/_next/static/chunks/node_modules_next_dist_115brz8._.js:2431
[  101495ms] [ERROR] Failed to load resource: the server responded with a status of 404 (Not Found) @ http://localhost:3000/cinematic/ink-to-grid-loop.mp4:0
[  112595ms] [LOG] [Fast Refresh] rebuilding @ http://localhost:3000/_next/static/chunks/node_modules_next_dist_115brz8._.js:2431
[  112853ms] [LOG] [Fast Refresh] done in 370ms @ http://localhost:3000/_next/static/chunks/node_modules_next_dist_115brz8._.js:2431
[  112991ms] [INFO] %cDownload the React DevTools for a better development experience: https://react.dev/link/react-devtools font-weight:bold @ http://localhost:3000/_next/static/chunks/node_modules_next_dist_115brz8._.js:2431
[  113052ms] [LOG] [HMR] connected @ http://localhost:3000/_next/static/chunks/node_modules_next_dist_115brz8._.js:2431
[  113566ms] [WARNING] Image with src "/1.jpeg" has either width or height modified, but not the other. If you use CSS to change the size of your image, also include the styles 'width: "auto"' or 'height: "auto"' to maintain the aspect ratio. @ http://localhost:3000/_next/static/chunks/node_modules_next_dist_115brz8._.js:2431
[  113567ms] [WARNING] Image with src "/2.jpeg" has either width or height modified, but not the other. If you use CSS to change the size of your image, also include the styles 'width: "auto"' or 'height: "auto"' to maintain the aspect ratio. @ http://localhost:3000/_next/static/chunks/node_modules_next_dist_115brz8._.js:2431
[  113567ms] [WARNING] Image with src "/3.jpeg" has either width or height modified, but not the other. If you use CSS to change the size of your image, also include the styles 'width: "auto"' or 'height: "auto"' to maintain the aspect ratio. @ http://localhost:3000/_next/static/chunks/node_modules_next_dist_115brz8._.js:2431
[  113567ms] [WARNING] Image with src "/4.jpeg" has either width or height modified, but not the other. If you use CSS to change the size of your image, also include the styles 'width: "auto"' or 'height: "auto"' to maintain the aspect ratio. @ http://localhost:3000/_next/static/chunks/node_modules_next_dist_115brz8._.js:2431
[  113567ms] [WARNING] Image with src "/5.jpeg" has either width or height modified, but not the other. If you use CSS to change the size of your image, also include the styles 'width: "auto"' or 'height: "auto"' to maintain the aspect ratio. @ http://localhost:3000/_next/static/chunks/node_modules_next_dist_115brz8._.js:2431
[  113567ms] [WARNING] Image with src "/6.jpeg" has either width or height modified, but not the other. If you use CSS to change the size of your image, also include the styles 'width: "auto"' or 'height: "auto"' to maintain the aspect ratio. @ http://localhost:3000/_next/static/chunks/node_modules_next_dist_115brz8._.js:2431
[  113567ms] [WARNING] Image with src "/7.jpeg" has either width or height modified, but not the other. If you use CSS to change the size of your image, also include the styles 'width: "auto"' or 'height: "auto"' to maintain the aspect ratio. @ http://localhost:3000/_next/static/chunks/node_modules_next_dist_115brz8._.js:2431
[  113568ms] [WARNING] Image with src "/8.jpeg" has either width or height modified, but not the other. If you use CSS to change the size of your image, also include the styles 'width: "auto"' or 'height: "auto"' to maintain the aspect ratio. @ http://localhost:3000/_next/static/chunks/node_modules_next_dist_115brz8._.js:2431
[  113568ms] [WARNING] Image with src "/9.jpeg" has either width or height modified, but not the other. If you use CSS to change the size of your image, also include the styles 'width: "auto"' or 'height: "auto"' to maintain the aspect ratio. @ http://localhost:3000/_next/static/chunks/node_modules_next_dist_115brz8._.js:2431
[  113781ms] [ERROR] Failed to load resource: the server responded with a status of 403 () @ https://accounts.google.com/gsi/status?client_id=473129584699-t3r6astutelfdfacc5at2ahv9kifoj7m.apps.googleusercontent.com&cas=gVPRfMAamFTHE1ITnn1JgTGLjHhEkZJHJJSN1jgXVrI&bs=rJC9rbcPw80NiVFl0vhrfhHkEQrAPnv8UHb17WPkXE4:0
[  113783ms] [ERROR] FedCM was disabled either temporarily based on previous user action or permanently via site settings. Try manage third-party sign-in via the icon to the left of the URL bar or via site settings. @ http://localhost:3000/:0
[  114454ms] [ERROR] Access to fetch at 'https://backend-lively-hill-7043.fly.dev/api/v1/' from origin 'http://localhost:3000' has been blocked by CORS policy: Response to preflight request doesn't pass access control check: No 'Access-Control-Allow-Origin' header is present on the requested resource. @ http://localhost:3000/:0
[  114454ms] [ERROR] Failed to load resource: net::ERR_FAILED @ https://backend-lively-hill-7043.fly.dev/api/v1/:0
[  114508ms] [ERROR] Access to XMLHttpRequest at 'https://backend-lively-hill-7043.fly.dev/api/v1/config/limits' from origin 'http://localhost:3000' has been blocked by CORS policy: Response to preflight request doesn't pass access control check: No 'Access-Control-Allow-Origin' header is present on the requested resource. @ http://localhost:3000/:0
[  114509ms] [ERROR] Failed to load resource: net::ERR_FAILED @ https://backend-lively-hill-7043.fly.dev/api/v1/config/limits:0
[  114509ms] [ERROR] Access to XMLHttpRequest at 'https://backend-lively-hill-7043.fly.dev/api/v1/jobs/recover/latest' from origin 'http://localhost:3000' has been blocked by CORS policy: Response to preflight request doesn't pass access control check: No 'Access-Control-Allow-Origin' header is present on the requested resource. @ http://localhost:3000/:0
[  114509ms] [ERROR] Failed to load resource: net::ERR_FAILED @ https://backend-lively-hill-7043.fly.dev/api/v1/jobs/recover/latest:0
[  114515ms] [ERROR] Access to fetch at 'https://backend-lively-hill-7043.fly.dev/api/v1/' from origin 'http://localhost:3000' has been blocked by CORS policy: Response to preflight request doesn't pass access control check: No 'Access-Control-Allow-Origin' header is present on the requested resource. @ http://localhost:3000/:0
[  114515ms] [ERROR] Failed to load resource: net::ERR_FAILED @ https://backend-lively-hill-7043.fly.dev/api/v1/:0
[  114515ms] [ERROR] Access to XMLHttpRequest at 'https://backend-lively-hill-7043.fly.dev/api/v1/jobs/recover/latest' from origin 'http://localhost:3000' has been blocked by CORS policy: Response to preflight request doesn't pass access control check: No 'Access-Control-Allow-Origin' header is present on the requested resource. @ http://localhost:3000/:0
[  114515ms] [ERROR] Failed to load resource: net::ERR_FAILED @ https://backend-lively-hill-7043.fly.dev/api/v1/jobs/recover/latest:0
[  114515ms] [ERROR] Access to XMLHttpRequest at 'https://backend-lively-hill-7043.fly.dev/api/v1/config/limits' from origin 'http://localhost:3000' has been blocked by CORS policy: Response to preflight request doesn't pass access control check: No 'Access-Control-Allow-Origin' header is present on the requested resource. @ http://localhost:3000/:0
[  114516ms] [ERROR] Failed to load resource: net::ERR_FAILED @ https://backend-lively-hill-7043.fly.dev/api/v1/config/limits:0
[  116228ms] [ERROR] [GSI_LOGGER]: FedCM get() rejects with NetworkError: Error retrieving a token. @ http://localhost:3000/_next/static/chunks/node_modules_next_dist_115brz8._.js:3272
[  123080ms] [WARNING] Image with src "/cinematic/ink-to-grid-poster.webp" was detected as the Largest Contentful Paint (LCP). Please add the `loading="eager"` property if this image is above the fold.
Read more: https://nextjs.org/docs/app/api-reference/components/image#loading @ http://localhost:3000/_next/static/chunks/node_modules_next_dist_115brz8._.js:2431
[  139543ms] [LOG] [Fast Refresh] rebuilding @ http://localhost:3000/_next/static/chunks/node_modules_next_dist_115brz8._.js:2431
[  139742ms] [LOG] [Fast Refresh] done in 312ms @ http://localhost:3000/_next/static/chunks/node_modules_next_dist_115brz8._.js:2431
[  695854ms] [LOG] [Fast Refresh] rebuilding @ http://localhost:3000/_next/static/chunks/node_modules_next_dist_115brz8._.js:2431
[  696349ms] [LOG] [Fast Refresh] done in 387ms @ http://localhost:3000/_next/static/chunks/node_modules_next_dist_115brz8._.js:2431
[  727034ms] [LOG] [Fast Refresh] rebuilding @ http://localhost:3000/_next/static/chunks/node_modules_next_dist_115brz8._.js:2431
[  727271ms] [LOG] [Fast Refresh] done in 348ms @ http://localhost:3000/_next/static/chunks/node_modules_next_dist_115brz8._.js:2431
[  727385ms] [INFO] %cDownload the React DevTools for a better development experience: https://react.dev/link/react-devtools font-weight:bold @ http://localhost:3000/_next/static/chunks/node_modules_next_dist_115brz8._.js:2431
[  727499ms] [LOG] [HMR] connected @ http://localhost:3000/_next/static/chunks/node_modules_next_dist_115brz8._.js:2431
[  728198ms] [WARNING] Image with src "/1.jpeg" has either width or height modified, but not the other. If you use CSS to change the size of your image, also include the styles 'width: "auto"' or 'height: "auto"' to maintain the aspect ratio. @ http://localhost:3000/_next/static/chunks/node_modules_next_dist_115brz8._.js:2431
[  728198ms] [WARNING] Image with src "/2.jpeg" has either width or height modified, but not the other. If you use CSS to change the size of your image, also include the styles 'width: "auto"' or 'height: "auto"' to maintain the aspect ratio. @ http://localhost:3000/_next/static/chunks/node_modules_next_dist_115brz8._.js:2431
[  728198ms] [WARNING] Image with src "/3.jpeg" has either width or height modified, but not the other. If you use CSS to change the size of your image, also include the styles 'width: "auto"' or 'height: "auto"' to maintain the aspect ratio. @ http://localhost:3000/_next/static/chunks/node_modules_next_dist_115brz8._.js:2431
[  728199ms] [WARNING] Image with src "/4.jpeg" has either width or height modified, but not the other. If you use CSS to change the size of your image, also include the styles 'width: "auto"' or 'height: "auto"' to maintain the aspect ratio. @ http://localhost:3000/_next/static/chunks/node_modules_next_dist_115brz8._.js:2431
[  728199ms] [WARNING] Image with src "/5.jpeg" has either width or height modified, but not the other. If you use CSS to change the size of your image, also include the styles 'width: "auto"' or 'height: "auto"' to maintain the aspect ratio. @ http://localhost:3000/_next/static/chunks/node_modules_next_dist_115brz8._.js:2431
[  728199ms] [WARNING] Image with src "/6.jpeg" has either width or height modified, but not the other. If you use CSS to change the size of your image, also include the styles 'width: "auto"' or 'height: "auto"' to maintain the aspect ratio. @ http://localhost:3000/_next/static/chunks/node_modules_next_dist_115brz8._.js:2431
[  728199ms] [WARNING] Image with src "/7.jpeg" has either width or height modified, but not the other. If you use CSS to change the size of your image, also include the styles 'width: "auto"' or 'height: "auto"' to maintain the aspect ratio. @ http://localhost:3000/_next/static/chunks/node_modules_next_dist_115brz8._.js:2431
[  728199ms] [WARNING] Image with src "/8.jpeg" has either width or height modified, but not the other. If you use CSS to change the size of your image, also include the styles 'width: "auto"' or 'height: "auto"' to maintain the aspect ratio. @ http://localhost:3000/_next/static/chunks/node_modules_next_dist_115brz8._.js:2431
[  728200ms] [WARNING] Image with src "/9.jpeg" has either width or height modified, but not the other. If you use CSS to change the size of your image, also include the styles 'width: "auto"' or 'height: "auto"' to maintain the aspect ratio. @ http://localhost:3000/_next/static/chunks/node_modules_next_dist_115brz8._.js:2431
[  728361ms] [ERROR] Failed to load resource: the server responded with a status of 403 () @ https://accounts.google.com/gsi/status?client_id=473129584699-t3r6astutelfdfacc5at2ahv9kifoj7m.apps.googleusercontent.com&cas=JqKRjcHlpKn3WOADfDAlP9fp05kU9xbw7zdBlk708ds&bs=rJC9rbcPw80NiVFl0vhrfhHkEQrAPnv8UHb17WPkXE4:0
[  728366ms] [ERROR] FedCM was disabled either temporarily based on previous user action or permanently via site settings. Try manage third-party sign-in via the icon to the left of the URL bar or via site settings. @ http://localhost:3000/:0
[  730111ms] [WARNING] Canvas2D: Multiple readback operations using getImageData are faster with the willReadFrequently attribute set to true. See: https://html.spec.whatwg.org/multipage/canvas.html#concept-canvas-will-read-frequently @ :0
[  740031ms] [ERROR] [GSI_LOGGER]: FedCM get() rejects with NetworkError: Error retrieving a token. @ http://localhost:3000/_next/static/chunks/node_modules_next_dist_115brz8._.js:3272
[  762262ms] [WARNING] Image with src "/cinematic/ink-to-grid-poster.webp" was detected as the Largest Contentful Paint (LCP). Please add the `loading="eager"` property if this image is above the fold.
Read more: https://nextjs.org/docs/app/api-reference/components/image#loading @ http://localhost:3000/_next/static/chunks/node_modules_next_dist_115brz8._.js:2431
[  770490ms] [LOG] [Fast Refresh] rebuilding @ http://localhost:3000/_next/static/chunks/node_modules_next_dist_115brz8._.js:2431
[  770528ms] [LOG] [Fast Refresh] done in 148ms @ http://localhost:3000/_next/static/chunks/node_modules_next_dist_115brz8._.js:2431
[  770631ms] [INFO] %cDownload the React DevTools for a better development experience: https://react.dev/link/react-devtools font-weight:bold @ http://localhost:3000/_next/static/chunks/node_modules_next_dist_115brz8._.js:2431
[  770699ms] [LOG] [HMR] connected @ http://localhost:3000/_next/static/chunks/node_modules_next_dist_115brz8._.js:2431
[  771305ms] [WARNING] Image with src "/1.jpeg" has either width or height modified, but not the other. If you use CSS to change the size of your image, also include the styles 'width: "auto"' or 'height: "auto"' to maintain the aspect ratio. @ http://localhost:3000/_next/static/chunks/node_modules_next_dist_115brz8._.js:2431
[  771305ms] [WARNING] Image with src "/2.jpeg" has either width or height modified, but not the other. If you use CSS to change the size of your image, also include the styles 'width: "auto"' or 'height: "auto"' to maintain the aspect ratio. @ http://localhost:3000/_next/static/chunks/node_modules_next_dist_115brz8._.js:2431
[  771305ms] [WARNING] Image with src "/3.jpeg" has either width or height modified, but not the other. If you use CSS to change the size of your image, also include the styles 'width: "auto"' or 'height: "auto"' to maintain the aspect ratio. @ http://localhost:3000/_next/static/chunks/node_modules_next_dist_115brz8._.js:2431
[  771305ms] [WARNING] Image with src "/4.jpeg" has either width or height modified, but not the other. If you use CSS to change the size of your image, also include the styles 'width: "auto"' or 'height: "auto"' to maintain the aspect ratio. @ http://localhost:3000/_next/static/chunks/node_modules_next_dist_115brz8._.js:2431
[  771305ms] [WARNING] Image with src "/5.jpeg" has either width or height modified, but not the other. If you use CSS to change the size of your image, also include the styles 'width: "auto"' or 'height: "auto"' to maintain the aspect ratio. @ http://localhost:3000/_next/static/chunks/node_modules_next_dist_115brz8._.js:2431
[  771306ms] [WARNING] Image with src "/6.jpeg" has either width or height modified, but not the other. If you use CSS to change the size of your image, also include the styles 'width: "auto"' or 'height: "auto"' to maintain the aspect ratio. @ http://localhost:3000/_next/static/chunks/node_modules_next_dist_115brz8._.js:2431
[  771306ms] [WARNING] Image with src "/7.jpeg" has either width or height modified, but not the other. If you use CSS to change the size of your image, also include the styles 'width: "auto"' or 'height: "auto"' to maintain the aspect ratio. @ http://localhost:3000/_next/static/chunks/node_modules_next_dist_115brz8._.js:2431
[  771307ms] [WARNING] Image with src "/8.jpeg" has either width or height modified, but not the other. If you use CSS to change the size of your image, also include the styles 'width: "auto"' or 'height: "auto"' to maintain the aspect ratio. @ http://localhost:3000/_next/static/chunks/node_modules_next_dist_115brz8._.js:2431
[  771307ms] [WARNING] Image with src "/9.jpeg" has either width or height modified, but not the other. If you use CSS to change the size of your image, also include the styles 'width: "auto"' or 'height: "auto"' to maintain the aspect ratio. @ http://localhost:3000/_next/static/chunks/node_modules_next_dist_115brz8._.js:2431
[  771485ms] [ERROR] Failed to load resource: the server responded with a status of 403 () @ https://accounts.google.com/gsi/status?client_id=473129584699-t3r6astutelfdfacc5at2ahv9kifoj7m.apps.googleusercontent.com&cas=zQ9JIKwVMr0dC4UVI0w2%2BrTm7BCKZ0Y6aefeUF6%2FRXg&bs=rJC9rbcPw80NiVFl0vhrfhHkEQrAPnv8UHb17WPkXE4:0
[  771486ms] [ERROR] FedCM was disabled either temporarily based on previous user action or permanently via site settings. Try manage third-party sign-in via the icon to the left of the URL bar or via site settings. @ http://localhost:3000/:0
[  778323ms] [ERROR] [GSI_LOGGER]: FedCM get() rejects with NetworkError: Error retrieving a token. @ http://localhost:3000/_next/static/chunks/node_modules_next_dist_115brz8._.js:3272
[  794719ms] [ERROR] Access to XMLHttpRequest at 'https://backend-lively-hill-7043.fly.dev/api/v1/config/limits' from origin 'http://localhost:3000' has been blocked by CORS policy: Response to preflight request doesn't pass access control check: No 'Access-Control-Allow-Origin' header is present on the requested resource. @ http://localhost:3000/:0
[  794720ms] [ERROR] Failed to load resource: net::ERR_FAILED @ https://backend-lively-hill-7043.fly.dev/api/v1/config/limits:0
[  794720ms] [ERROR] Access to XMLHttpRequest at 'https://backend-lively-hill-7043.fly.dev/api/v1/jobs/recover/latest' from origin 'http://localhost:3000' has been blocked by CORS policy: Response to preflight request doesn't pass access control check: No 'Access-Control-Allow-Origin' header is present on the requested resource. @ http://localhost:3000/:0
[  794720ms] [ERROR] Failed to load resource: net::ERR_FAILED @ https://backend-lively-hill-7043.fly.dev/api/v1/jobs/recover/latest:0
[  794720ms] [ERROR] Access to XMLHttpRequest at 'https://backend-lively-hill-7043.fly.dev/api/v1/config/limits' from origin 'http://localhost:3000' has been blocked by CORS policy: Response to preflight request doesn't pass access control check: No 'Access-Control-Allow-Origin' header is present on the requested resource. @ http://localhost:3000/:0
[  794721ms] [ERROR] Failed to load resource: net::ERR_FAILED @ https://backend-lively-hill-7043.fly.dev/api/v1/config/limits:0
[  794721ms] [ERROR] Access to fetch at 'https://backend-lively-hill-7043.fly.dev/api/v1/' from origin 'http://localhost:3000' has been blocked by CORS policy: Response to preflight request doesn't pass access control check: No 'Access-Control-Allow-Origin' header is present on the requested resource. @ http://localhost:3000/:0
[  794721ms] [ERROR] Failed to load resource: net::ERR_FAILED @ https://backend-lively-hill-7043.fly.dev/api/v1/:0
[  794721ms] [ERROR] Access to XMLHttpRequest at 'https://backend-lively-hill-7043.fly.dev/api/v1/jobs/recover/latest' from origin 'http://localhost:3000' has been blocked by CORS policy: Response to preflight request doesn't pass access control check: No 'Access-Control-Allow-Origin' header is present on the requested resource. @ http://localhost:3000/:0
[  794722ms] [ERROR] Failed to load resource: net::ERR_FAILED @ https://backend-lively-hill-7043.fly.dev/api/v1/jobs/recover/latest:0
[  794727ms] [ERROR] Access to fetch at 'https://backend-lively-hill-7043.fly.dev/api/v1/' from origin 'http://localhost:3000' has been blocked by CORS policy: Response to preflight request doesn't pass access control check: No 'Access-Control-Allow-Origin' header is present on the requested resource. @ http://localhost:3000/:0
[  794727ms] [ERROR] Failed to load resource: net::ERR_FAILED @ https://backend-lively-hill-7043.fly.dev/api/v1/:0
[  888052ms] [LOG] [Fast Refresh] rebuilding @ http://localhost:3000/_next/static/chunks/node_modules_next_dist_115brz8._.js:2431
[  888540ms] [LOG] [Fast Refresh] done in 435ms @ http://localhost:3000/_next/static/chunks/node_modules_next_dist_115brz8._.js:2431
[  888642ms] [LOG] [Fast Refresh] rebuilding @ http://localhost:3000/_next/static/chunks/node_modules_next_dist_115brz8._.js:2431
[  888681ms] [LOG] [Fast Refresh] done in 139ms @ http://localhost:3000/_next/static/chunks/node_modules_next_dist_115brz8._.js:2431
[  889041ms] [ERROR] Access to fetch at 'https://backend-lively-hill-7043.fly.dev/api/v1/' from origin 'http://localhost:3000' has been blocked by CORS policy: Response to preflight request doesn't pass access control check: No 'Access-Control-Allow-Origin' header is present on the requested resource. @ http://localhost:3000/:0
[  889041ms] [ERROR] Failed to load resource: net::ERR_FAILED @ https://backend-lively-hill-7043.fly.dev/api/v1/:0
[  889092ms] [ERROR] Access to XMLHttpRequest at 'https://backend-lively-hill-7043.fly.dev/api/v1/jobs/recover/latest' from origin 'http://localhost:3000' has been blocked by CORS policy: Response to preflight request doesn't pass access control check: No 'Access-Control-Allow-Origin' header is present on the requested resource. @ http://localhost:3000/:0
[  889092ms] [ERROR] Failed to load resource: net::ERR_FAILED @ https://backend-lively-hill-7043.fly.dev/api/v1/jobs/recover/latest:0
[  889097ms] [ERROR] Access to XMLHttpRequest at 'https://backend-lively-hill-7043.fly.dev/api/v1/config/limits' from origin 'http://localhost:3000' has been blocked by CORS policy: Response to preflight request doesn't pass access control check: No 'Access-Control-Allow-Origin' header is present on the requested resource. @ http://localhost:3000/:0
[  889098ms] [ERROR] Failed to load resource: net::ERR_FAILED @ https://backend-lively-hill-7043.fly.dev/api/v1/config/limits:0
[ 1204526ms] [WARNING] Image with src "/cinematic/ink-to-grid-poster.webp" was detected as the Largest Contentful Paint (LCP). Please add the `loading="eager"` property if this image is above the fold.
Read more: https://nextjs.org/docs/app/api-reference/components/image#loading @ http://localhost:3000/_next/static/chunks/node_modules_next_dist_115brz8._.js:2431
[ 1281404ms] [LOG] [Fast Refresh] rebuilding @ http://localhost:3000/_next/static/chunks/node_modules_next_dist_115brz8._.js:2431
[ 1281841ms] [LOG] [Fast Refresh] done in 391ms @ http://localhost:3000/_next/static/chunks/node_modules_next_dist_115brz8._.js:2431
[ 1281860ms] [WARNING] The width(0) and height(0) of chart should be greater than 0,
       please check the style of container, or the props width(100%) and height(100%),
       or add a minWidth(0) or minHeight(undefined) or use aspect(undefined) to control the
       height and width. @ http://localhost:3000/_next/static/chunks/node_modules_next_dist_115brz8._.js:2431
[ 1281860ms] [WARNING] The width(0) and height(0) of chart should be greater than 0,
       please check the style of container, or the props width(100%) and height(100%),
       or add a minWidth(0) or minHeight(undefined) or use aspect(undefined) to control the
       height and width. @ http://localhost:3000/_next/static/chunks/node_modules_next_dist_115brz8._.js:2431
[ 1281982ms] [LOG] [Fast Refresh] rebuilding @ http://localhost:3000/_next/static/chunks/node_modules_next_dist_115brz8._.js:2431
[ 1282015ms] [LOG] [Fast Refresh] done in 160ms @ http://localhost:3000/_next/static/chunks/node_modules_next_dist_115brz8._.js:2431
[ 1282443ms] [ERROR] Access to XMLHttpRequest at 'https://backend-lively-hill-7043.fly.dev/api/v1/config/limits' from origin 'http://localhost:3000' has been blocked by CORS policy: Response to preflight request doesn't pass access control check: No 'Access-Control-Allow-Origin' header is present on the requested resource. @ http://localhost:3000/:0
[ 1282443ms] [ERROR] Failed to load resource: net::ERR_FAILED @ https://backend-lively-hill-7043.fly.dev/api/v1/config/limits:0
[ 1282450ms] [ERROR] Access to XMLHttpRequest at 'https://backend-lively-hill-7043.fly.dev/api/v1/jobs/recover/latest' from origin 'http://localhost:3000' has been blocked by CORS policy: Response to preflight request doesn't pass access control check: No 'Access-Control-Allow-Origin' header is present on the requested resource. @ http://localhost:3000/:0
[ 1282450ms] [ERROR] Failed to load resource: net::ERR_FAILED @ https://backend-lively-hill-7043.fly.dev/api/v1/jobs/recover/latest:0
[ 1282451ms] [ERROR] Access to fetch at 'https://backend-lively-hill-7043.fly.dev/api/v1/' from origin 'http://localhost:3000' has been blocked by CORS policy: Response to preflight request doesn't pass access control check: No 'Access-Control-Allow-Origin' header is present on the requested resource. @ http://localhost:3000/:0
[ 1282451ms] [ERROR] Failed to load resource: net::ERR_FAILED @ https://backend-lively-hill-7043.fly.dev/api/v1/:0
